#
# A fatal error has been detected by the Java Runtime Environment:
#
#  EXCEPTION_ACCESS_VIOLATION (0xc0000005) at pc=0x0000000180005b6b, pid=4176, tid=0x0000000000000448
#
# JRE version: Java(TM) SE Runtime Environment (8.0_162-b12) (build 1.8.0_162-b12)
# Java VM: Java HotSpot(TM) 64-Bit Server VM (25.162-b12 mixed mode windows-amd64 compressed oops)
# Problematic frame:
# C  [rxtxSerial.dll+0x5b6b]
#
# Failed to write core dump. Minidumps are not enabled by default on client versions of Windows
#
# If you would like to submit a bug report, please visit:
#   http://bugreport.java.com/bugreport/crash.jsp
# The crash happened outside the Java Virtual Machine in native code.
# See problematic frame for where to report the bug.
#

---------------  T H R E A D  ---------------

Current thread (0x000000001713f000):  JavaThread "Thread-4" [_thread_in_native, id=1096, stack(0x0000000017780000,0x0000000017880000)]

siginfo: ExceptionCode=0xc0000005, writing address 0x0000000017e7eb98

Registers:
RAX=0x00000000ffffffff, RBX=0x0000000000000000, RCX=0x0000000000000000, RDX=0x0000000000000000
RSP=0x000000001787eda0, RBP=0x00000000ffffffff, RSI=0x0000000000000003, RDI=0x0000000000000001
R8 =0x000000001787e880, R9 =0x0000000180000000, R10=0x0000000000000000, R11=0x0000000000000200
R12=0x0000000017e7eb90, R13=0x0000000000000001, R14=0x0000000000000000, R15=0x0000000000000000
RIP=0x0000000180005b6b, EFLAGS=0x0000000000010286

Top of Stack: (sp=0x000000001787eda0)
0x000000001787eda0:   0000000000000000 0000000000000000
0x000000001787edb0:   0000000000000000 0000000000000000
0x000000001787edc0:   000000001713f000 000000001787ef38
0x000000001787edd0:   00000000174f6e78 000000001787ef38
0x000000001787ede0:   ffffffffffffffff 0000000000000001
0x000000001787edf0:   0000000015acf908 0000000180005f3f
0x000000001787ee00:   000000001713f1f8 000000001713f1f8
0x000000001787ee10:   0000000000000001 000000001787ee30
0x000000001787ee20:   0000000000000001 00000000ffffffff
0x000000001787ee30:   0000000001ec48e3 000000001787ef38
0x000000001787ee40:   0000000000000000 000000001787efa0
0x000000001787ee50:   000000001787ef40 00000000175025d1
0x000000001787ee60:   00000000000000b6 00000000175026b8
0x000000001787ee70:   000000001713f000 0000000017504b38
0x000000001787ee80:   0000cfd8e516c668 000000001713f000
0x000000001787ee90:   0000000000000000 0000000001ea835d 

Instructions: (pc=0x0000000180005b6b)
0x0000000180005b4b:   31 00 00 85 c0 78 33 74 06 03 d8 2b f8 eb 0a b9
0x0000000180005b5b:   e8 03 00 00 e8 1c 1c 00 00 41 3b dd 7c b7 8b c3
0x0000000180005b6b:   45 89 74 24 08 48 8b 5c 24 60 48 83 c4 20 41 5f
0x0000000180005b7b:   41 5e 41 5d 41 5c 5f 5e 5d c3 e8 1e 61 00 00 83 


Register to memory mapping:

RAX=0x00000000ffffffff is an unallocated location in the heap
RBX=0x0000000000000000 is an unknown value
RCX=0x0000000000000000 is an unknown value
RDX=0x0000000000000000 is an unknown value
RSP=0x000000001787eda0 is pointing into the stack for thread: 0x000000001713f000
RBP=0x00000000ffffffff is an unallocated location in the heap
RSI=0x0000000000000003 is an unknown value
RDI=0x0000000000000001 is an unknown value
R8 =0x000000001787e880 is pointing into the stack for thread: 0x000000001713f000
R9 =0x0000000180000000 is an unknown value
R10=0x0000000000000000 is an unknown value
R11=0x0000000000000200 is an unknown value
R12=0x0000000017e7eb90 is an unknown value
R13=0x0000000000000001 is an unknown value
R14=0x0000000000000000 is an unknown value
R15=0x0000000000000000 is an unknown value


Stack: [0x0000000017780000,0x0000000017880000],  sp=0x000000001787eda0,  free space=1019k
Native frames: (J=compiled Java code, j=interpreted, Vv=VM code, C=native code)
C  [rxtxSerial.dll+0x5b6b]
C  [rxtxSerial.dll+0x5f3f]
C  0x0000000001eb86c7

Java frames: (J=compiled Java code, j=interpreted, Vv=VM code)
j  gnu.io.RXTXPort.readByte()I+0
j  gnu.io.RXTXPort$SerialInputStream.read()I+81
j  mensaje.Ventana2$ImplementoRunnable.run()V+26
j  java.lang.Thread.run()V+11
v  ~StubRoutines::call_stub

---------------  P R O C E S S  ---------------

Java Threads: ( => current thread )
=>0x000000001713f000 JavaThread "Thread-4" [_thread_in_native, id=1096, stack(0x0000000017780000,0x0000000017880000)]
  0x0000000016f1e800 JavaThread "Thread-3" [_thread_blocked, id=7236, stack(0x0000000017a80000,0x0000000017b80000)]
  0x0000000016cee000 JavaThread "TimerQueue" daemon [_thread_blocked, id=10120, stack(0x0000000017980000,0x0000000017a80000)]
  0x0000000001da2800 JavaThread "DestroyJavaVM" [_thread_blocked, id=720, stack(0x0000000001ca0000,0x0000000001da0000)]
  0x0000000015ace000 JavaThread "AWT-EventQueue-0" [_thread_blocked, id=5612, stack(0x0000000015f90000,0x0000000016090000)]
  0x0000000015ac5000 JavaThread "AWT-Windows" daemon [_thread_in_native, id=6860, stack(0x0000000015d50000,0x0000000015e50000)]
  0x0000000015ac2000 JavaThread "AWT-Shutdown" [_thread_blocked, id=10060, stack(0x0000000015c50000,0x0000000015d50000)]
  0x0000000015ac1000 JavaThread "Java2D Disposer" daemon [_thread_blocked, id=8756, stack(0x0000000015b50000,0x0000000015c50000)]
  0x0000000014286800 JavaThread "Service Thread" daemon [_thread_blocked, id=5916, stack(0x0000000015450000,0x0000000015550000)]
  0x0000000014222000 JavaThread "C1 CompilerThread1" daemon [_thread_blocked, id=5488, stack(0x0000000015350000,0x0000000015450000)]
  0x000000001421b000 JavaThread "C2 CompilerThread0" daemon [_thread_blocked, id=3400, stack(0x0000000015250000,0x0000000015350000)]
  0x0000000014219800 JavaThread "Attach Listener" daemon [_thread_blocked, id=7592, stack(0x0000000015150000,0x0000000015250000)]
  0x0000000014216000 JavaThread "Signal Dispatcher" daemon [_thread_blocked, id=8072, stack(0x0000000015050000,0x0000000015150000)]
  0x0000000014208800 JavaThread "Finalizer" daemon [_thread_blocked, id=4940, stack(0x0000000014e50000,0x0000000014f50000)]
  0x0000000001e8e000 JavaThread "Reference Handler" daemon [_thread_blocked, id=4028, stack(0x0000000014d50000,0x0000000014e50000)]

Other Threads:
  0x00000000141e6800 VMThread [stack: 0x0000000014c50000,0x0000000014d50000] [id=2392]
  0x000000001428b000 WatcherThread [stack: 0x0000000015650000,0x0000000015750000] [id=9008]

VM state:not at safepoint (normal execution)

VM Mutex/Monitor currently owned by a thread: None

Heap:
 PSYoungGen      total 18944K, used 6970K [0x00000000eb500000, 0x00000000eca00000, 0x0000000100000000)
  eden space 16384K, 27% used [0x00000000eb500000,0x00000000eb974d18,0x00000000ec500000)
  from space 2560K, 94% used [0x00000000ec780000,0x00000000ec9d9d20,0x00000000eca00000)
  to   space 2560K, 0% used [0x00000000ec500000,0x00000000ec500000,0x00000000ec780000)
 ParOldGen       total 44032K, used 32K [0x00000000c1e00000, 0x00000000c4900000, 0x00000000eb500000)
  object space 44032K, 0% used [0x00000000c1e00000,0x00000000c1e08000,0x00000000c4900000)
 Metaspace       used 11915K, capacity 12184K, committed 12288K, reserved 1060864K
  class space    used 1411K, capacity 1520K, committed 1536K, reserved 1048576K

Card table byte_map: [0x0000000011260000,0x0000000011460000] byte_map_base: 0x0000000010c51000

Marking Bits: (ParMarkBitMap*) 0x0000000077aa0860
 Begin Bits: [0x00000000117b0000, 0x0000000012738000)
 End Bits:   [0x0000000012738000, 0x00000000136c0000)

Polling page: 0x00000000002e0000

CodeCache: size=245760Kb used=3872Kb max_used=3872Kb free=241887Kb
 bounds [0x0000000001ea0000, 0x0000000002270000, 0x0000000010ea0000]
 total_blobs=1577 nmethods=1094 adapters=396
 compilation: enabled

Compilation events (10 events):
Event: 33.617 Thread 0x0000000014222000 1090       3       sun.java2d.SunGraphics2D::transformShape (36 bytes)
Event: 33.618 Thread 0x0000000014222000 nmethod 1090 0x0000000002267890 code [0x0000000002267a00, 0x0000000002267c78]
Event: 33.619 Thread 0x0000000014222000 1091       3       sun.swing.SwingUtilities2::getFontMetrics (10 bytes)
Event: 33.620 Thread 0x0000000014222000 nmethod 1091 0x0000000002267d10 code [0x0000000002267f00, 0x00000000022687f8]
Event: 33.621 Thread 0x0000000014222000 1094       3       java.awt.Image$1::getSurfaceManager (5 bytes)
Event: 33.621 Thread 0x0000000014222000 nmethod 1094 0x0000000002268d10 code [0x0000000002268e60, 0x0000000002268fb0]
Event: 33.621 Thread 0x0000000014222000 1093       3       java.awt.geom.AffineTransform::equals (92 bytes)
Event: 33.622 Thread 0x0000000014222000 nmethod 1093 0x0000000002269050 code [0x00000000022691c0, 0x00000000022697d0]
Event: 33.622 Thread 0x0000000014222000 1092       3       sun.java2d.SunGraphics2D::getFont (19 bytes)
Event: 33.623 Thread 0x0000000014222000 nmethod 1092 0x0000000002269890 code [0x00000000022699e0, 0x0000000002269bb0]

GC Heap History (8 events):
Event: 23.901 GC heap before
{Heap before GC invocations=1 (full 0):
 PSYoungGen      total 18944K, used 16384K [0x00000000eb500000, 0x00000000eca00000, 0x0000000100000000)
  eden space 16384K, 100% used [0x00000000eb500000,0x00000000ec500000,0x00000000ec500000)
  from space 2560K, 0% used [0x00000000ec780000,0x00000000ec780000,0x00000000eca00000)
  to   space 2560K, 0% used [0x00000000ec500000,0x00000000ec500000,0x00000000ec780000)
 ParOldGen       total 44032K, used 0K [0x00000000c1e00000, 0x00000000c4900000, 0x00000000eb500000)
  object space 44032K, 0% used [0x00000000c1e00000,0x00000000c1e00000,0x00000000c4900000)
 Metaspace       used 11764K, capacity 12050K, committed 12288K, reserved 1060864K
  class space    used 1410K, capacity 1519K, committed 1536K, reserved 1048576K
Event: 23.913 GC heap after
Heap after GC invocations=1 (full 0):
 PSYoungGen      total 18944K, used 2503K [0x00000000eb500000, 0x00000000eca00000, 0x0000000100000000)
  eden space 16384K, 0% used [0x00000000eb500000,0x00000000eb500000,0x00000000ec500000)
  from space 2560K, 97% used [0x00000000ec500000,0x00000000ec771d20,0x00000000ec780000)
  to   space 2560K, 0% used [0x00000000ec780000,0x00000000ec780000,0x00000000eca00000)
 ParOldGen       total 44032K, used 8K [0x00000000c1e00000, 0x00000000c4900000, 0x00000000eb500000)
  object space 44032K, 0% used [0x00000000c1e00000,0x00000000c1e02000,0x00000000c4900000)
 Metaspace       used 11764K, capacity 12050K, committed 12288K, reserved 1060864K
  class space    used 1410K, capacity 1519K, committed 1536K, reserved 1048576K
}
Event: 25.032 GC heap before
{Heap before GC invocations=2 (full 0):
 PSYoungGen      total 18944K, used 18887K [0x00000000eb500000, 0x00000000eca00000, 0x0000000100000000)
  eden space 16384K, 100% used [0x00000000eb500000,0x00000000ec500000,0x00000000ec500000)
  from space 2560K, 97% used [0x00000000ec500000,0x00000000ec771d20,0x00000000ec780000)
  to   space 2560K, 0% used [0x00000000ec780000,0x00000000ec780000,0x00000000eca00000)
 ParOldGen       total 44032K, used 8K [0x00000000c1e00000, 0x00000000c4900000, 0x00000000eb500000)
  object space 44032K, 0% used [0x00000000c1e00000,0x00000000c1e02000,0x00000000c4900000)
 Metaspace       used 11788K, capacity 12050K, committed 12288K, reserved 1060864K
  class space    used 1410K, capacity 1519K, committed 1536K, reserved 1048576K
Event: 25.042 GC heap after
Heap after GC invocations=2 (full 0):
 PSYoungGen      total 18944K, used 2391K [0x00000000eb500000, 0x00000000eca00000, 0x0000000100000000)
  eden space 16384K, 0% used [0x00000000eb500000,0x00000000eb500000,0x00000000ec500000)
  from space 2560K, 93% used [0x00000000ec780000,0x00000000ec9d5d30,0x00000000eca00000)
  to   space 2560K, 0% used [0x00000000ec500000,0x00000000ec500000,0x00000000ec780000)
 ParOldGen       total 44032K, used 16K [0x00000000c1e00000, 0x00000000c4900000, 0x00000000eb500000)
  object space 44032K, 0% used [0x00000000c1e00000,0x00000000c1e04000,0x00000000c4900000)
 Metaspace       used 11788K, capacity 12050K, committed 12288K, reserved 1060864K
  class space    used 1410K, capacity 1519K, committed 1536K, reserved 1048576K
}
Event: 26.413 GC heap before
{Heap before GC invocations=3 (full 0):
 PSYoungGen      total 18944K, used 18775K [0x00000000eb500000, 0x00000000eca00000, 0x0000000100000000)
  eden space 16384K, 100% used [0x00000000eb500000,0x00000000ec500000,0x00000000ec500000)
  from space 2560K, 93% used [0x00000000ec780000,0x00000000ec9d5d30,0x00000000eca00000)
  to   space 2560K, 0% used [0x00000000ec500000,0x00000000ec500000,0x00000000ec780000)
 ParOldGen       total 44032K, used 16K [0x00000000c1e00000, 0x00000000c4900000, 0x00000000eb500000)
  object space 44032K, 0% used [0x00000000c1e00000,0x00000000c1e04000,0x00000000c4900000)
 Metaspace       used 11817K, capacity 12050K, committed 12288K, reserved 1060864K
  class space    used 1410K, capacity 1519K, committed 1536K, reserved 1048576K
Event: 26.422 GC heap after
Heap after GC invocations=3 (full 0):
 PSYoungGen      total 18944K, used 2391K [0x00000000eb500000, 0x00000000eca00000, 0x0000000100000000)
  eden space 16384K, 0% used [0x00000000eb500000,0x00000000eb500000,0x00000000ec500000)
  from space 2560K, 93% used [0x00000000ec500000,0x00000000ec755d30,0x00000000ec780000)
  to   space 2560K, 0% used [0x00000000ec780000,0x00000000ec780000,0x00000000eca00000)
 ParOldGen       total 44032K, used 24K [0x00000000c1e00000, 0x00000000c4900000, 0x00000000eb500000)
  object space 44032K, 0% used [0x00000000c1e00000,0x00000000c1e06000,0x00000000c4900000)
 Metaspace       used 11817K, capacity 12050K, committed 12288K, reserved 1060864K
  class space    used 1410K, capacity 1519K, committed 1536K, reserved 1048576K
}
Event: 28.078 GC heap before
{Heap before GC invocations=4 (full 0):
 PSYoungGen      total 18944K, used 18775K [0x00000000eb500000, 0x00000000eca00000, 0x0000000100000000)
  eden space 16384K, 100% used [0x00000000eb500000,0x00000000ec500000,0x00000000ec500000)
  from space 2560K, 93% used [0x00000000ec500000,0x00000000ec755d30,0x00000000ec780000)
  to   space 2560K, 0% used [0x00000000ec780000,0x00000000ec780000,0x00000000eca00000)
 ParOldGen       total 44032K, used 24K [0x00000000c1e00000, 0x00000000c4900000, 0x00000000eb500000)
  object space 44032K, 0% used [0x00000000c1e00000,0x00000000c1e06000,0x00000000c4900000)
 Metaspace       used 11853K, capacity 12114K, committed 12288K, reserved 1060864K
  class space    used 1410K, capacity 1519K, committed 1536K, reserved 1048576K
Event: 28.087 GC heap after
Heap after GC invocations=4 (full 0):
 PSYoungGen      total 18944K, used 2407K [0x00000000eb500000, 0x00000000eca00000, 0x0000000100000000)
  eden space 16384K, 0% used [0x00000000eb500000,0x00000000eb500000,0x00000000ec500000)
  from space 2560K, 94% used [0x00000000ec780000,0x00000000ec9d9d20,0x00000000eca00000)
  to   space 2560K, 0% used [0x00000000ec500000,0x00000000ec500000,0x00000000ec780000)
 ParOldGen       total 44032K, used 32K [0x00000000c1e00000, 0x00000000c4900000, 0x00000000eb500000)
  object space 44032K, 0% used [0x00000000c1e00000,0x00000000c1e08000,0x00000000c4900000)
 Metaspace       used 11853K, capacity 12114K, committed 12288K, reserved 1060864K
  class space    used 1410K, capacity 1519K, committed 1536K, reserved 1048576K
}

Deoptimization events (5 events):
Event: 7.284 Thread 0x0000000015ace000 Uncommon trap: reason=class_check action=maybe_recompile pc=0x0000000001fba9a8 method=java.lang.String.equals(Ljava/lang/Object;)Z @ 8
Event: 7.284 Thread 0x0000000015ace000 Uncommon trap: reason=class_check action=maybe_recompile pc=0x0000000001fba9a8 method=java.lang.String.equals(Ljava/lang/Object;)Z @ 8
Event: 7.426 Thread 0x0000000015ace000 Uncommon trap: reason=class_check action=maybe_recompile pc=0x0000000001fba9a8 method=java.lang.String.equals(Ljava/lang/Object;)Z @ 8
Event: 7.426 Thread 0x0000000015ace000 Uncommon trap: reason=class_check action=maybe_recompile pc=0x0000000001fba9a8 method=java.lang.String.equals(Ljava/lang/Object;)Z @ 8
Event: 28.520 Thread 0x000000001713f000 Uncommon trap: reason=null_assert action=make_not_entrant pc=0x0000000002229c3c method=mensaje.Ventana2$ImplementoRunnable.run()V @ 26

Classes redefined (0 events):
No events

Internal exceptions (10 events):
Event: 28.414 Thread 0x000000001713f000 Exception <a 'java/lang/NullPointerException'> (0x00000000eb8c71a8) thrown at [C:\re\workspace\8-2-build-windows-amd64-cygwin\jdk8u162\10278\hotspot\src\share\vm\runtime\sharedRuntime.cpp, line 1085]
Event: 28.414 Thread 0x000000001713f000 Exception <a 'java/lang/NullPointerException'> (0x00000000eb8c73b0) thrown at [C:\re\workspace\8-2-build-windows-amd64-cygwin\jdk8u162\10278\hotspot\src\share\vm\runtime\sharedRuntime.cpp, line 1085]
Event: 28.414 Thread 0x000000001713f000 Exception <a 'java/lang/NullPointerException'> (0x00000000eb8c75b8) thrown at [C:\re\workspace\8-2-build-windows-amd64-cygwin\jdk8u162\10278\hotspot\src\share\vm\runtime\sharedRuntime.cpp, line 1085]
Event: 28.414 Thread 0x000000001713f000 Exception <a 'java/lang/NullPointerException'> (0x00000000eb8c77c0) thrown at [C:\re\workspace\8-2-build-windows-amd64-cygwin\jdk8u162\10278\hotspot\src\share\vm\runtime\sharedRuntime.cpp, line 1085]
Event: 28.414 Thread 0x000000001713f000 Exception <a 'java/lang/NullPointerException'> (0x00000000eb8c79c8) thrown at [C:\re\workspace\8-2-build-windows-amd64-cygwin\jdk8u162\10278\hotspot\src\share\vm\runtime\sharedRuntime.cpp, line 1085]
Event: 28.414 Thread 0x000000001713f000 Exception <a 'java/lang/NullPointerException'> (0x00000000eb8c7bd0) thrown at [C:\re\workspace\8-2-build-windows-amd64-cygwin\jdk8u162\10278\hotspot\src\share\vm\runtime\sharedRuntime.cpp, line 1085]
Event: 28.414 Thread 0x000000001713f000 Exception <a 'java/lang/NullPointerException'> (0x00000000eb8c7dd8) thrown at [C:\re\workspace\8-2-build-windows-amd64-cygwin\jdk8u162\10278\hotspot\src\share\vm\runtime\sharedRuntime.cpp, line 1085]
Event: 28.414 Thread 0x000000001713f000 Exception <a 'java/lang/NullPointerException'> (0x00000000eb8c7fe0) thrown at [C:\re\workspace\8-2-build-windows-amd64-cygwin\jdk8u162\10278\hotspot\src\share\vm\runtime\sharedRuntime.cpp, line 1085]
Event: 28.415 Thread 0x000000001713f000 Exception <a 'java/lang/InterruptedException': sleep interrupted> (0x00000000eb8c82a0) thrown at [C:\re\workspace\8-2-build-windows-amd64-cygwin\jdk8u162\10278\hotspot\src\share\vm\prims\jvm.cpp, line 3180]
Event: 32.224 Thread 0x000000001713f000 Exception <a 'java/lang/InterruptedException': sleep interrupted> (0x00000000eb8cc520) thrown at [C:\re\workspace\8-2-build-windows-amd64-cygwin\jdk8u162\10278\hotspot\src\share\vm\prims\jvm.cpp, line 3180]

Events (10 events):
Event: 28.200 Thread 0x000000001713f000 DEOPT UNPACKING pc=0x0000000001ee7490 sp=0x000000001787ed38 mode 0
Event: 28.405 Thread 0x00000000158db000 Thread added: 0x00000000158db000
Event: 28.520 Thread 0x000000001713f000 Uncommon trap: trap_request=0xffffffec fr.pc=0x0000000002229c3c
Event: 28.520 Thread 0x000000001713f000 DEOPT PACKING pc=0x0000000002229c3c sp=0x000000001787f000
Event: 28.520 Thread 0x000000001713f000 DEOPT UNPACKING pc=0x0000000001ee583b sp=0x000000001787efb8 mode 2
Event: 28.833 Executing VM operation: RevokeBias
Event: 28.833 Executing VM operation: RevokeBias done
Event: 28.833 Executing VM operation: RevokeBias
Event: 28.833 Executing VM operation: RevokeBias done
Event: 33.614 Thread 0x00000000158db000 Thread exited: 0x00000000158db000


Dynamic libraries:
0x00007ff79a4d0000 - 0x00007ff79a507000 	C:\Program Files\Java\jdk1.8.0_162\bin\java.exe
0x00007ffc36d70000 - 0x00007ffc36f1d000 	C:\WINDOWS\SYSTEM32\ntdll.dll
0x00007ffc34d30000 - 0x00007ffc34e6e000 	C:\WINDOWS\system32\KERNEL32.DLL
0x00007ffc0ea80000 - 0x00007ffc0eab4000 	C:\Program Files\AVAST Software\Avast\x64\aswhooka.dll
0x00007ffc342e0000 - 0x00007ffc343f5000 	C:\WINDOWS\system32\KERNELBASE.dll
0x00007ffc32a60000 - 0x00007ffc32aee000 	C:\WINDOWS\system32\apphelp.dll
0x00007ffc28120000 - 0x00007ffc28173000 	C:\WINDOWS\AppPatch\AppPatch64\AcGenral.DLL
0x00007ffc353a0000 - 0x00007ffc3544a000 	C:\WINDOWS\system32\msvcrt.dll
0x00007ffc34260000 - 0x00007ffc3428e000 	C:\WINDOWS\system32\SspiCli.dll
0x00007ffc35450000 - 0x00007ffc354a4000 	C:\WINDOWS\system32\SHLWAPI.dll
0x00007ffc34770000 - 0x00007ffc348e7000 	C:\WINDOWS\system32\USER32.dll
0x00007ffc350f0000 - 0x00007ffc35284000 	C:\WINDOWS\system32\ole32.dll
0x00007ffc35610000 - 0x00007ffc36b3c000 	C:\WINDOWS\system32\SHELL32.dll
0x00007ffc334d0000 - 0x00007ffc334f1000 	C:\WINDOWS\SYSTEM32\USERENV.dll
0x00007ffc35290000 - 0x00007ffc3533a000 	C:\WINDOWS\system32\ADVAPI32.dll
0x00007ffc2c6b0000 - 0x00007ffc2c6ce000 	C:\WINDOWS\SYSTEM32\MPR.dll
0x00007ffc34620000 - 0x00007ffc34760000 	C:\WINDOWS\system32\RPCRT4.dll
0x00007ffc35340000 - 0x00007ffc35399000 	C:\WINDOWS\SYSTEM32\sechost.dll
0x00007ffc34980000 - 0x00007ffc34b92000 	C:\WINDOWS\SYSTEM32\combase.dll
0x00007ffc354b0000 - 0x00007ffc355fb000 	C:\WINDOWS\system32\GDI32.dll
0x00007ffc33ea0000 - 0x00007ffc33eb5000 	C:\WINDOWS\SYSTEM32\profapi.dll
0x00007ffc32490000 - 0x00007ffc32542000 	C:\WINDOWS\SYSTEM32\SHCORE.dll
0x00007ffc34400000 - 0x00007ffc34436000 	C:\WINDOWS\system32\IMM32.DLL
0x00007ffc36c10000 - 0x00007ffc36d61000 	C:\WINDOWS\system32\MSCTF.dll
0x00007ffc31fb0000 - 0x00007ffc3222b000 	C:\WINDOWS\WinSxS\amd64_microsoft.windows.common-controls_6595b64144ccf1df_6.0.9600.18006_none_623f33d3ecbe86e8\COMCTL32.dll
0x0000000077dc0000 - 0x0000000077e91000 	C:\Program Files\Java\jdk1.8.0_162\jre\bin\msvcr100.dll
0x0000000077280000 - 0x0000000077b20000 	C:\Program Files\Java\jdk1.8.0_162\jre\bin\server\jvm.dll
0x00007ffc2c6d0000 - 0x00007ffc2c6d9000 	C:\WINDOWS\SYSTEM32\WSOCK32.dll
0x00007ffc28fe0000 - 0x00007ffc29002000 	C:\WINDOWS\SYSTEM32\WINMM.dll
0x00007ffc2d250000 - 0x00007ffc2d25a000 	C:\WINDOWS\SYSTEM32\VERSION.dll
0x00007ffc34760000 - 0x00007ffc34767000 	C:\WINDOWS\system32\PSAPI.DLL
0x00007ffc34ee0000 - 0x00007ffc34f3a000 	C:\WINDOWS\system32\WS2_32.dll
0x00007ffc28e00000 - 0x00007ffc28e2a000 	C:\WINDOWS\SYSTEM32\WINMMBASE.dll
0x00007ffc35600000 - 0x00007ffc35609000 	C:\WINDOWS\system32\NSI.dll
0x00007ffc34290000 - 0x00007ffc342df000 	C:\WINDOWS\SYSTEM32\cfgmgr32.dll
0x00007ffc32cb0000 - 0x00007ffc32cd8000 	C:\WINDOWS\SYSTEM32\DEVOBJ.dll
0x0000000053d70000 - 0x0000000053d7f000 	C:\Program Files\Java\jdk1.8.0_162\jre\bin\verify.dll
0x0000000053d40000 - 0x0000000053d69000 	C:\Program Files\Java\jdk1.8.0_162\jre\bin\java.dll
0x0000000052760000 - 0x0000000052776000 	C:\Program Files\Java\jdk1.8.0_162\jre\bin\zip.dll
0x00000000770e0000 - 0x0000000077278000 	C:\Program Files\Java\jdk1.8.0_162\jre\bin\awt.dll
0x00007ffc34ba0000 - 0x00007ffc34c66000 	C:\WINDOWS\system32\OLEAUT32.dll
0x00007ffc32b20000 - 0x00007ffc32c49000 	C:\WINDOWS\system32\uxtheme.dll
0x00007ffc32230000 - 0x00007ffc32251000 	C:\WINDOWS\system32\dwmapi.dll
0x00007ffc32df0000 - 0x00007ffc32dfb000 	C:\WINDOWS\SYSTEM32\kernel.appcore.dll
0x00007ffc33d10000 - 0x00007ffc33d1b000 	C:\WINDOWS\SYSTEM32\CRYPTBASE.dll
0x00007ffc33ca0000 - 0x00007ffc33d03000 	C:\WINDOWS\SYSTEM32\bcryptPrimitives.dll
0x00007ffc283c0000 - 0x00007ffc284eb000 	C:\WINDOWS\system32\opengl32.dll
0x00007ffc28580000 - 0x00007ffc285ae000 	C:\WINDOWS\SYSTEM32\GLU32.dll
0x00007ffc282c0000 - 0x00007ffc283b8000 	C:\WINDOWS\SYSTEM32\DDRAW.dll
0x00007ffc2c000000 - 0x00007ffc2c009000 	C:\WINDOWS\SYSTEM32\DCIMAN32.dll
0x00000000526d0000 - 0x0000000052717000 	C:\Program Files\Java\jdk1.8.0_162\jre\bin\fontmanager.dll
0x00007ffc36b40000 - 0x00007ffc36bf6000 	C:\WINDOWS\SYSTEM32\clbcatq.dll
0x00007ffc2fc20000 - 0x00007ffc2fdce000 	C:\WINDOWS\SYSTEM32\WindowsCodecs.dll
0x00007ffc337a0000 - 0x00007ffc337c0000 	C:\WINDOWS\SYSTEM32\CRYPTSP.dll
0x00007ffc333c0000 - 0x00007ffc333f6000 	C:\WINDOWS\system32\rsaenh.dll
0x00007ffc339f0000 - 0x00007ffc33a16000 	C:\WINDOWS\SYSTEM32\bcrypt.dll
0x0000000052740000 - 0x000000005275a000 	C:\Program Files\Java\jdk1.8.0_162\jre\bin\net.dll
0x00007ffc33740000 - 0x00007ffc33799000 	C:\WINDOWS\system32\mswsock.dll
0x0000000052720000 - 0x0000000052731000 	C:\Program Files\Java\jdk1.8.0_162\jre\bin\nio.dll
0x0000000051260000 - 0x00000000512a2000 	C:\Program Files\Java\jdk1.8.0_162\jre\bin\t2k.dll
0x0000000180000000 - 0x0000000180025000 	C:\Program Files\Java\jdk1.8.0_162\jre\bin\rxtxSerial.dll
0x00007ffc14e10000 - 0x00007ffc14f99000 	C:\WINDOWS\SYSTEM32\dbghelp.dll

VM Arguments:
jvm_args: -Dfile.encoding=UTF-8 
java_command: mensaje.vista_Mensaje
java_class_path (initial): C:\Program Files\Java\jdk1.8.0_162\jre\bin\RXTXcomm.jar;C:\Program Files\Java\jdk1.8.0_162\jre\bin\jSerialComm-2.0.2.jar;C:\Users\Jorge Alberto\Documents\NetBeansProjects\Conexion_Arduino\build\classes
Launcher Type: SUN_STANDARD

Environment Variables:
PATH=C:\Program Files (x86)\Haskell\bin;C:\Program Files (x86)\Haskell Platform\2010.2.0.0\lib\extralibs\bin;C:\Program Files (x86)\Haskell Platform\2010.2.0.0\bin;C:\ProgramData\Oracle\Java\javapath;C:\Program Files\Microsoft MPI\Bin\;C:\Program Files (x86)\Intel\iCLS Client\;C:\Program Files\Intel\iCLS Client\;C:\WINDOWS\system32;C:\WINDOWS;C:\WINDOWS\System32\Wbem;C:\WINDOWS\System32\WindowsPowerShell\v1.0\;C:\Program Files\Intel\Intel(R) Management Engine Components\DAL;C:\Program Files\Intel\Intel(R) Management Engine Components\IPT;C:\Program Files (x86)\Intel\Intel(R) Management Engine Components\DAL;C:\Program Files (x86)\Intel\Intel(R) Management Engine Components\IPT;C:\Program Files (x86)\Intel\OpenCL SDK\2.0\bin\x86;C:\Program Files (x86)\Intel\OpenCL SDK\2.0\bin\x64;C:\Program Files (x86)\Windows Live\Shared;C:\Program Files (x86)\Microsoft SQL Server\140\DTS\Binn\;C:\Program Files\Microsoft SQL Server\140\DTS\Binn\;C:\Program Files\Microsoft SQL Server\Client SDK\ODBC\130\Tools\Binn\;C:\Program Files (x86)\Microsoft SQL Server\140\Tools\Binn\;C:\Program Files\Microsoft SQL Server\140\Tools\Binn\;C:\Program Files (x86)\Microsoft SQL Server\Client SDK\ODBC\130\Tools\Binn\;C:\Program Files (x86)\Microsoft SQL Server\140\Tools\Binn\ManagementStudio\;C:\Program Files\dotnet\;C:\Program Files\Microsoft SQL Server\130\Tools\Binn\;C:\Program Files (x86)\Microsoft SQL Server\110\DTS\Binn\;C:\Program Files (x86)\Microsoft SQL Server\120\DTS\Binn\;C:\Program Files (x86)\Microsoft SQL Server\130\DTS\Binn\;C:\Program Files\PuTTY\;C:\Users\Jorge Alberto\AppData\Roaming\cabal\bin
USERNAME=Jorge Alberto
OS=Windows_NT
PROCESSOR_IDENTIFIER=Intel64 Family 6 Model 58 Stepping 9, GenuineIntel



---------------  S Y S T E M  ---------------

OS: Windows 8.1 , 64 bit Build 9600 (6.3.9600.17415)

CPU:total 2 (initial active 2) (2 cores per cpu, 1 threads per core) family 6 model 58 stepping 9, cmov, cx8, fxsr, mmx, sse, sse2, sse3, ssse3, sse4.1, sse4.2, popcnt, clmul, erms, tsc, tscinvbit, tscinv

Memory: 4k page, physical 4065168k(1551568k free), swap 8259476k(3859800k free)

vm_info: Java HotSpot(TM) 64-Bit Server VM (25.162-b12) for windows-amd64 JRE (1.8.0_162-b12), built on Dec 19 2017 20:00:03 by "java_re" with MS VC++ 10.0 (VS2010)

time: Sun Apr 08 20:39:28 2018
elapsed time: 33 seconds (0d 0h 0m 33s)

