#
# A fatal error has been detected by the Java Runtime Environment:
#
#  EXCEPTION_ACCESS_VIOLATION (0xc0000005) at pc=0x0000000180005b00, pid=1448, tid=0x00000000000005c4
#
# JRE version: Java(TM) SE Runtime Environment (8.0_162-b12) (build 1.8.0_162-b12)
# Java VM: Java HotSpot(TM) 64-Bit Server VM (25.162-b12 mixed mode windows-amd64 compressed oops)
# Problematic frame:
# C  [rxtxSerial.dll+0x5b00]
#
# Failed to write core dump. Minidumps are not enabled by default on client versions of Windows
#
# If you would like to submit a bug report, please visit:
#   http://bugreport.java.com/bugreport/crash.jsp
# The crash happened outside the Java Virtual Machine in native code.
# See problematic frame for where to report the bug.
#

---------------  T H R E A D  ---------------

Current thread (0x0000000015b91800):  JavaThread "Thread-4" [_thread_in_native, id=1476, stack(0x00000000178b0000,0x00000000179b0000)]

siginfo: ExceptionCode=0xc0000005, reading address 0x000000001809ebc8

Registers:
RAX=0x0000000000000001, RBX=0x0000000000000000, RCX=0x000000018001d4d5, RDX=0xfffffffffffff665
RSP=0x00000000179af4e0, RBP=0x00000000ffffffff, RSI=0x0000000000000000, RDI=0x0000000015b919f8
R8 =0x0000000000000002, R9 =0xfffffffffffff63c, R10=0x000000000000003a, R11=0x8101010101010100
R12=0x000000001809ebc0, R13=0x0000000000000001, R14=0x00000000179af678, R15=0x0000000000000000
RIP=0x0000000180005b00, EFLAGS=0x0000000000010202

Top of Stack: (sp=0x00000000179af4e0)
0x00000000179af4e0:   0000000000000000 0000000000000000
0x00000000179af4f0:   00000000179af678 0000000000000000
0x00000000179af500:   0000000015b91800 00000000179af678
0x00000000179af510:   0000000017716e78 00000000179af678
0x00000000179af520:   ffffffffffffffff 0000000000000001
0x00000000179af530:   00000000167b3278 0000000180005f3f
0x00000000179af540:   0000000015b919f8 0000000015b919f8
0x00000000179af550:   0000000000000001 00000000179af570
0x00000000179af560:   0000000000000001 00000000ffffffff
0x00000000179af570:   00000000020248e3 00000000179af678
0x00000000179af580:   0000000000000000 00000000179af6e0
0x00000000179af590:   00000000179af680 00000000177325d1
0x00000000179af5a0:   00000000000000b6 00000000177326b8
0x00000000179af5b0:   0000000015b91800 0000000017734b38
0x00000000179af5c0:   0000d0fd3ab3131c 0000000015b91800
0x00000000179af5d0:   0000000000000000 000000010013c1b8 

Instructions: (pc=0x0000000180005b00)
0x0000000180005ae0:   15 23 7a 01 00 48 8d 48 60 e8 3a 5d 00 00 4c 8b
0x0000000180005af0:   e5 8b ac 24 88 00 00 00 44 8b ac 24 80 00 00 00
0x0000000180005b00:   45 8b 74 24 08 41 89 5c 24 08 41 8b fd 85 ed 78
0x0000000180005b10:   09 ff 15 e9 14 01 00 44 8b f8 45 85 ed 7e 4a 90 


Register to memory mapping:

RAX=0x0000000000000001 is an unknown value
RBX=0x0000000000000000 is an unknown value
RCX=0x000000018001d4d5 is an unknown value
RDX=0xfffffffffffff665 is an unknown value
RSP=0x00000000179af4e0 is pointing into the stack for thread: 0x0000000015b91800
RBP=0x00000000ffffffff is an unallocated location in the heap
RSI=0x0000000000000000 is an unknown value
RDI=0x0000000015b919f8 is an unknown value
R8 =0x0000000000000002 is an unknown value
R9 =0xfffffffffffff63c is an unknown value
R10=0x000000000000003a is an unknown value
R11=0x8101010101010100 is an unknown value
R12=0x000000001809ebc0 is an unknown value
R13=0x0000000000000001 is an unknown value
R14=0x00000000179af678 is pointing into the stack for thread: 0x0000000015b91800
R15=0x0000000000000000 is an unknown value


Stack: [0x00000000178b0000,0x00000000179b0000],  sp=0x00000000179af4e0,  free space=1021k
Native frames: (J=compiled Java code, j=interpreted, Vv=VM code, C=native code)
C  [rxtxSerial.dll+0x5b00]
C  [rxtxSerial.dll+0x5f3f]
C  0x00000000020186c7

Java frames: (J=compiled Java code, j=interpreted, Vv=VM code)
j  gnu.io.RXTXPort.readByte()I+0
j  gnu.io.RXTXPort$SerialInputStream.read()I+81
J 923% C1 mensaje.Ventana2$ImplementoRunnable.run()V (115 bytes) @ 0x00000000022ffac4 [0x00000000022ff8c0+0x204]
j  java.lang.Thread.run()V+11
v  ~StubRoutines::call_stub

---------------  P R O C E S S  ---------------

Java Threads: ( => current thread )
=>0x0000000015b91800 JavaThread "Thread-4" [_thread_in_native, id=1476, stack(0x00000000178b0000,0x00000000179b0000)]
  0x0000000015947000 JavaThread "Thread-3" [_thread_blocked, id=1992, stack(0x0000000017ca0000,0x0000000017da0000)]
  0x00000000167b1000 JavaThread "TimerQueue" daemon [_thread_blocked, id=5280, stack(0x0000000017ba0000,0x0000000017ca0000)]
  0x0000000001e22800 JavaThread "DestroyJavaVM" [_thread_blocked, id=2028, stack(0x0000000001ca0000,0x0000000001da0000)]
  0x0000000015cb2000 JavaThread "AWT-EventQueue-0" [_thread_blocked, id=8136, stack(0x00000000161c0000,0x00000000162c0000)]
  0x0000000015ca7800 JavaThread "AWT-Windows" daemon [_thread_in_native, id=8956, stack(0x0000000015ec0000,0x0000000015fc0000)]
  0x0000000015ca4800 JavaThread "AWT-Shutdown" [_thread_blocked, id=10216, stack(0x0000000015dc0000,0x0000000015ec0000)]
  0x0000000015ca2000 JavaThread "Java2D Disposer" daemon [_thread_blocked, id=6636, stack(0x0000000015cc0000,0x0000000015dc0000)]
  0x00000000143d6000 JavaThread "Service Thread" daemon [_thread_blocked, id=8924, stack(0x00000000155c0000,0x00000000156c0000)]
  0x00000000143d3000 JavaThread "C1 CompilerThread1" daemon [_thread_blocked, id=8204, stack(0x00000000154c0000,0x00000000155c0000)]
  0x000000001437b800 JavaThread "C2 CompilerThread0" daemon [_thread_blocked, id=4872, stack(0x00000000153c0000,0x00000000154c0000)]
  0x000000001437a800 JavaThread "Attach Listener" daemon [_thread_blocked, id=6252, stack(0x00000000152c0000,0x00000000153c0000)]
  0x0000000014377800 JavaThread "Signal Dispatcher" daemon [_thread_blocked, id=3048, stack(0x00000000151c0000,0x00000000152c0000)]
  0x0000000014368800 JavaThread "Finalizer" daemon [_thread_blocked, id=8840, stack(0x0000000014fc0000,0x00000000150c0000)]
  0x0000000001f0e000 JavaThread "Reference Handler" daemon [_thread_blocked, id=7160, stack(0x0000000014ec0000,0x0000000014fc0000)]

Other Threads:
  0x0000000014346800 VMThread [stack: 0x0000000014dc0000,0x0000000014ec0000] [id=7340]
  0x00000000143da000 WatcherThread [stack: 0x00000000157c0000,0x00000000158c0000] [id=8844]

VM state:not at safepoint (normal execution)

VM Mutex/Monitor currently owned by a thread: None

Heap:
 PSYoungGen      total 18944K, used 15412K [0x00000000eb500000, 0x00000000eca00000, 0x0000000100000000)
  eden space 16384K, 79% used [0x00000000eb500000,0x00000000ec1b3520,0x00000000ec500000)
  from space 2560K, 94% used [0x00000000ec500000,0x00000000ec759d20,0x00000000ec780000)
  to   space 2560K, 0% used [0x00000000ec780000,0x00000000ec780000,0x00000000eca00000)
 ParOldGen       total 44032K, used 32K [0x00000000c1e00000, 0x00000000c4900000, 0x00000000eb500000)
  object space 44032K, 0% used [0x00000000c1e00000,0x00000000c1e08000,0x00000000c4900000)
 Metaspace       used 11862K, capacity 12120K, committed 12288K, reserved 1060864K
  class space    used 1406K, capacity 1520K, committed 1536K, reserved 1048576K

Card table byte_map: [0x00000000113c0000,0x00000000115c0000] byte_map_base: 0x0000000010db1000

Marking Bits: (ParMarkBitMap*) 0x0000000077a20860
 Begin Bits: [0x0000000011910000, 0x0000000012898000)
 End Bits:   [0x0000000012898000, 0x0000000013820000)

Polling page: 0x0000000000530000

CodeCache: size=245760Kb used=3676Kb max_used=3681Kb free=242083Kb
 bounds [0x0000000002000000, 0x00000000023a0000, 0x0000000011000000]
 total_blobs=1531 nmethods=1048 adapters=396
 compilation: enabled

Compilation events (10 events):
Event: 20.819 Thread 0x00000000143d3000 1040       1       gnu.io.RXTXPort::access$1000 (5 bytes)
Event: 20.819 Thread 0x00000000143d3000 nmethod 1040 0x0000000002393ad0 code [0x0000000002393c20, 0x0000000002393d10]
Event: 20.835 Thread 0x00000000143d3000 1041       3       java.util.WeakHashMap::indexFor (6 bytes)
Event: 20.835 Thread 0x00000000143d3000 nmethod 1041 0x0000000002393d90 code [0x0000000002393ee0, 0x0000000002394010]
Event: 20.835 Thread 0x00000000143d3000 1042       1       java.awt.Container::isFocusCycleRoot (5 bytes)
Event: 20.835 Thread 0x00000000143d3000 nmethod 1042 0x0000000002394090 code [0x00000000023941e0, 0x00000000023942f0]
Event: 20.836 Thread 0x00000000143d3000 1043  s    3       javax.swing.RepaintManager::extendDirtyRegion (36 bytes)
Event: 20.837 Thread 0x00000000143d3000 nmethod 1043 0x0000000002394350 code [0x00000000023944e0, 0x0000000002394a38]
Event: 20.838 Thread 0x00000000143d3000 1044       3       java.awt.geom.AffineTransform::equals (92 bytes)
Event: 20.838 Thread 0x00000000143d3000 nmethod 1044 0x0000000002394bd0 code [0x0000000002394d40, 0x0000000002395350]

GC Heap History (6 events):
Event: 13.068 GC heap before
{Heap before GC invocations=1 (full 0):
 PSYoungGen      total 18944K, used 16384K [0x00000000eb500000, 0x00000000eca00000, 0x0000000100000000)
  eden space 16384K, 100% used [0x00000000eb500000,0x00000000ec500000,0x00000000ec500000)
  from space 2560K, 0% used [0x00000000ec780000,0x00000000ec780000,0x00000000eca00000)
  to   space 2560K, 0% used [0x00000000ec500000,0x00000000ec500000,0x00000000ec780000)
 ParOldGen       total 44032K, used 0K [0x00000000c1e00000, 0x00000000c4900000, 0x00000000eb500000)
  object space 44032K, 0% used [0x00000000c1e00000,0x00000000c1e00000,0x00000000c4900000)
 Metaspace       used 11652K, capacity 11922K, committed 12032K, reserved 1060864K
  class space    used 1405K, capacity 1519K, committed 1536K, reserved 1048576K
Event: 13.081 GC heap after
Heap after GC invocations=1 (full 0):
 PSYoungGen      total 18944K, used 2487K [0x00000000eb500000, 0x00000000eca00000, 0x0000000100000000)
  eden space 16384K, 0% used [0x00000000eb500000,0x00000000eb500000,0x00000000ec500000)
  from space 2560K, 97% used [0x00000000ec500000,0x00000000ec76dd50,0x00000000ec780000)
  to   space 2560K, 0% used [0x00000000ec780000,0x00000000ec780000,0x00000000eca00000)
 ParOldGen       total 44032K, used 16K [0x00000000c1e00000, 0x00000000c4900000, 0x00000000eb500000)
  object space 44032K, 0% used [0x00000000c1e00000,0x00000000c1e04000,0x00000000c4900000)
 Metaspace       used 11652K, capacity 11922K, committed 12032K, reserved 1060864K
  class space    used 1405K, capacity 1519K, committed 1536K, reserved 1048576K
}
Event: 14.238 GC heap before
{Heap before GC invocations=2 (full 0):
 PSYoungGen      total 18944K, used 18871K [0x00000000eb500000, 0x00000000eca00000, 0x0000000100000000)
  eden space 16384K, 100% used [0x00000000eb500000,0x00000000ec500000,0x00000000ec500000)
  from space 2560K, 97% used [0x00000000ec500000,0x00000000ec76dd50,0x00000000ec780000)
  to   space 2560K, 0% used [0x00000000ec780000,0x00000000ec780000,0x00000000eca00000)
 ParOldGen       total 44032K, used 16K [0x00000000c1e00000, 0x00000000c4900000, 0x00000000eb500000)
  object space 44032K, 0% used [0x00000000c1e00000,0x00000000c1e04000,0x00000000c4900000)
 Metaspace       used 11675K, capacity 11922K, committed 12032K, reserved 1060864K
  class space    used 1405K, capacity 1519K, committed 1536K, reserved 1048576K
Event: 14.247 GC heap after
Heap after GC invocations=2 (full 0):
 PSYoungGen      total 18944K, used 2407K [0x00000000eb500000, 0x00000000eca00000, 0x0000000100000000)
  eden space 16384K, 0% used [0x00000000eb500000,0x00000000eb500000,0x00000000ec500000)
  from space 2560K, 94% used [0x00000000ec780000,0x00000000ec9d9d20,0x00000000eca00000)
  to   space 2560K, 0% used [0x00000000ec500000,0x00000000ec500000,0x00000000ec780000)
 ParOldGen       total 44032K, used 24K [0x00000000c1e00000, 0x00000000c4900000, 0x00000000eb500000)
  object space 44032K, 0% used [0x00000000c1e00000,0x00000000c1e06000,0x00000000c4900000)
 Metaspace       used 11675K, capacity 11922K, committed 12032K, reserved 1060864K
  class space    used 1405K, capacity 1519K, committed 1536K, reserved 1048576K
}
Event: 15.482 GC heap before
{Heap before GC invocations=3 (full 0):
 PSYoungGen      total 18944K, used 18791K [0x00000000eb500000, 0x00000000eca00000, 0x0000000100000000)
  eden space 16384K, 100% used [0x00000000eb500000,0x00000000ec500000,0x00000000ec500000)
  from space 2560K, 94% used [0x00000000ec780000,0x00000000ec9d9d20,0x00000000eca00000)
  to   space 2560K, 0% used [0x00000000ec500000,0x00000000ec500000,0x00000000ec780000)
 ParOldGen       total 44032K, used 24K [0x00000000c1e00000, 0x00000000c4900000, 0x00000000eb500000)
  object space 44032K, 0% used [0x00000000c1e00000,0x00000000c1e06000,0x00000000c4900000)
 Metaspace       used 11711K, capacity 11986K, committed 12032K, reserved 1060864K
  class space    used 1405K, capacity 1519K, committed 1536K, reserved 1048576K
Event: 15.488 GC heap after
Heap after GC invocations=3 (full 0):
 PSYoungGen      total 18944K, used 2407K [0x00000000eb500000, 0x00000000eca00000, 0x0000000100000000)
  eden space 16384K, 0% used [0x00000000eb500000,0x00000000eb500000,0x00000000ec500000)
  from space 2560K, 94% used [0x00000000ec500000,0x00000000ec759d20,0x00000000ec780000)
  to   space 2560K, 0% used [0x00000000ec780000,0x00000000ec780000,0x00000000eca00000)
 ParOldGen       total 44032K, used 32K [0x00000000c1e00000, 0x00000000c4900000, 0x00000000eb500000)
  object space 44032K, 0% used [0x00000000c1e00000,0x00000000c1e08000,0x00000000c4900000)
 Metaspace       used 11711K, capacity 11986K, committed 12032K, reserved 1060864K
  class space    used 1405K, capacity 1519K, committed 1536K, reserved 1048576K
}

Deoptimization events (6 events):
Event: 1.142 Thread 0x0000000001e22800 Uncommon trap: reason=unstable_if action=reinterpret pc=0x0000000002118f90 method=java.lang.String.equals(Ljava/lang/Object;)Z @ 53
Event: 1.750 Thread 0x0000000015cb2000 Uncommon trap: reason=null_check action=make_not_entrant pc=0x0000000002182ae8 method=java.lang.String.equals(Ljava/lang/Object;)Z @ 8
Event: 4.386 Thread 0x0000000015cb2000 Uncommon trap: reason=class_check action=maybe_recompile pc=0x000000000219b628 method=java.lang.String.equals(Ljava/lang/Object;)Z @ 8
Event: 4.386 Thread 0x0000000015cb2000 Uncommon trap: reason=class_check action=maybe_recompile pc=0x000000000219b628 method=java.lang.String.equals(Ljava/lang/Object;)Z @ 8
Event: 4.512 Thread 0x0000000015cb2000 Uncommon trap: reason=class_check action=maybe_recompile pc=0x000000000219b628 method=java.lang.String.equals(Ljava/lang/Object;)Z @ 8
Event: 4.513 Thread 0x0000000015cb2000 Uncommon trap: reason=class_check action=maybe_recompile pc=0x000000000219b628 method=java.lang.String.equals(Ljava/lang/Object;)Z @ 8

Classes redefined (0 events):
No events

Internal exceptions (10 events):
Event: 16.493 Thread 0x0000000015b91800 Implicit null exception at 0x00000000022ff933 to 0x00000000023004b1
Event: 16.493 Thread 0x0000000015b91800 Exception <a 'java/lang/NullPointerException'> (0x00000000ec14ecb8) thrown at [C:\re\workspace\8-2-build-windows-amd64-cygwin\jdk8u162\10278\hotspot\src\share\vm\runtime\sharedRuntime.cpp, line 605]
Event: 16.493 Thread 0x0000000015b91800 Implicit null exception at 0x00000000022ff933 to 0x00000000023004b1
Event: 16.493 Thread 0x0000000015b91800 Exception <a 'java/lang/NullPointerException'> (0x00000000ec14eec0) thrown at [C:\re\workspace\8-2-build-windows-amd64-cygwin\jdk8u162\10278\hotspot\src\share\vm\runtime\sharedRuntime.cpp, line 605]
Event: 16.493 Thread 0x0000000015b91800 Implicit null exception at 0x00000000022ff933 to 0x00000000023004b1
Event: 16.493 Thread 0x0000000015b91800 Exception <a 'java/lang/NullPointerException'> (0x00000000ec14f0c8) thrown at [C:\re\workspace\8-2-build-windows-amd64-cygwin\jdk8u162\10278\hotspot\src\share\vm\runtime\sharedRuntime.cpp, line 605]
Event: 16.493 Thread 0x0000000015b91800 Implicit null exception at 0x00000000022ff933 to 0x00000000023004b1
Event: 16.493 Thread 0x0000000015b91800 Exception <a 'java/lang/NullPointerException'> (0x00000000ec14f2d0) thrown at [C:\re\workspace\8-2-build-windows-amd64-cygwin\jdk8u162\10278\hotspot\src\share\vm\runtime\sharedRuntime.cpp, line 605]
Event: 16.494 Thread 0x0000000015b91800 Exception <a 'java/lang/InterruptedException': sleep interrupted> (0x00000000ec14f590) thrown at [C:\re\workspace\8-2-build-windows-amd64-cygwin\jdk8u162\10278\hotspot\src\share\vm\prims\jvm.cpp, line 3180]
Event: 19.460 Thread 0x0000000015b91800 Exception <a 'java/lang/InterruptedException': sleep interrupted> (0x00000000ec153440) thrown at [C:\re\workspace\8-2-build-windows-amd64-cygwin\jdk8u162\10278\hotspot\src\share\vm\prims\jvm.cpp, line 3180]

Events (10 events):
Event: 14.238 Executing VM operation: ParallelGCFailedAllocation
Event: 14.247 Executing VM operation: ParallelGCFailedAllocation done
Event: 15.482 Executing VM operation: ParallelGCFailedAllocation
Event: 15.488 Executing VM operation: ParallelGCFailedAllocation done
Event: 16.364 Thread 0x0000000015c2c800 Thread added: 0x0000000015c2c800
Event: 16.912 Executing VM operation: RevokeBias
Event: 16.912 Executing VM operation: RevokeBias done
Event: 16.912 Executing VM operation: RevokeBias
Event: 16.913 Executing VM operation: RevokeBias done
Event: 20.834 Thread 0x0000000015c2c800 Thread exited: 0x0000000015c2c800


Dynamic libraries:
0x00007ff63d400000 - 0x00007ff63d437000 	C:\Program Files\Java\jdk1.8.0_162\bin\java.exe
0x00007ffc36d70000 - 0x00007ffc36f1d000 	C:\WINDOWS\SYSTEM32\ntdll.dll
0x00007ffc34d30000 - 0x00007ffc34e6e000 	C:\WINDOWS\system32\KERNEL32.DLL
0x00007ffc0ea80000 - 0x00007ffc0eab4000 	C:\Program Files\AVAST Software\Avast\x64\aswhooka.dll
0x00007ffc342e0000 - 0x00007ffc343f5000 	C:\WINDOWS\system32\KERNELBASE.dll
0x00007ffc32a60000 - 0x00007ffc32aee000 	C:\WINDOWS\system32\apphelp.dll
0x00007ffc2c0c0000 - 0x00007ffc2c113000 	C:\WINDOWS\AppPatch\AppPatch64\AcGenral.DLL
0x00007ffc353a0000 - 0x00007ffc3544a000 	C:\WINDOWS\system32\msvcrt.dll
0x00007ffc34260000 - 0x00007ffc3428e000 	C:\WINDOWS\system32\SspiCli.dll
0x00007ffc35450000 - 0x00007ffc354a4000 	C:\WINDOWS\system32\SHLWAPI.dll
0x00007ffc34770000 - 0x00007ffc348e7000 	C:\WINDOWS\system32\USER32.dll
0x00007ffc350f0000 - 0x00007ffc35284000 	C:\WINDOWS\system32\ole32.dll
0x00007ffc35610000 - 0x00007ffc36b3c000 	C:\WINDOWS\system32\SHELL32.dll
0x00007ffc334d0000 - 0x00007ffc334f1000 	C:\WINDOWS\SYSTEM32\USERENV.dll
0x00007ffc35290000 - 0x00007ffc3533a000 	C:\WINDOWS\system32\ADVAPI32.dll
0x00007ffc2c6b0000 - 0x00007ffc2c6ce000 	C:\WINDOWS\SYSTEM32\MPR.dll
0x00007ffc34620000 - 0x00007ffc34760000 	C:\WINDOWS\system32\RPCRT4.dll
0x00007ffc35340000 - 0x00007ffc35399000 	C:\WINDOWS\SYSTEM32\sechost.dll
0x00007ffc34980000 - 0x00007ffc34b92000 	C:\WINDOWS\SYSTEM32\combase.dll
0x00007ffc354b0000 - 0x00007ffc355fb000 	C:\WINDOWS\system32\GDI32.dll
0x00007ffc33ea0000 - 0x00007ffc33eb5000 	C:\WINDOWS\SYSTEM32\profapi.dll
0x00007ffc32490000 - 0x00007ffc32542000 	C:\WINDOWS\SYSTEM32\SHCORE.dll
0x00007ffc34400000 - 0x00007ffc34436000 	C:\WINDOWS\system32\IMM32.DLL
0x00007ffc36c10000 - 0x00007ffc36d61000 	C:\WINDOWS\system32\MSCTF.dll
0x00007ffc31fb0000 - 0x00007ffc3222b000 	C:\WINDOWS\WinSxS\amd64_microsoft.windows.common-controls_6595b64144ccf1df_6.0.9600.18006_none_623f33d3ecbe86e8\COMCTL32.dll
0x0000000051710000 - 0x00000000517e1000 	C:\Program Files\Java\jdk1.8.0_162\jre\bin\msvcr100.dll
0x0000000077200000 - 0x0000000077aa0000 	C:\Program Files\Java\jdk1.8.0_162\jre\bin\server\jvm.dll
0x00007ffc2fac0000 - 0x00007ffc2fac9000 	C:\WINDOWS\SYSTEM32\WSOCK32.dll
0x00007ffc28fe0000 - 0x00007ffc29002000 	C:\WINDOWS\SYSTEM32\WINMM.dll
0x00007ffc2d250000 - 0x00007ffc2d25a000 	C:\WINDOWS\SYSTEM32\VERSION.dll
0x00007ffc34760000 - 0x00007ffc34767000 	C:\WINDOWS\system32\PSAPI.DLL
0x00007ffc34ee0000 - 0x00007ffc34f3a000 	C:\WINDOWS\system32\WS2_32.dll
0x00007ffc28e00000 - 0x00007ffc28e2a000 	C:\WINDOWS\SYSTEM32\WINMMBASE.dll
0x00007ffc35600000 - 0x00007ffc35609000 	C:\WINDOWS\system32\NSI.dll
0x00007ffc34290000 - 0x00007ffc342df000 	C:\WINDOWS\SYSTEM32\cfgmgr32.dll
0x00007ffc32cb0000 - 0x00007ffc32cd8000 	C:\WINDOWS\SYSTEM32\DEVOBJ.dll
0x0000000053d70000 - 0x0000000053d7f000 	C:\Program Files\Java\jdk1.8.0_162\jre\bin\verify.dll
0x0000000053d40000 - 0x0000000053d69000 	C:\Program Files\Java\jdk1.8.0_162\jre\bin\java.dll
0x0000000053c20000 - 0x0000000053c36000 	C:\Program Files\Java\jdk1.8.0_162\jre\bin\zip.dll
0x0000000050210000 - 0x00000000503a8000 	C:\Program Files\Java\jdk1.8.0_162\jre\bin\awt.dll
0x00007ffc34ba0000 - 0x00007ffc34c66000 	C:\WINDOWS\system32\OLEAUT32.dll
0x00007ffc32b20000 - 0x00007ffc32c49000 	C:\WINDOWS\system32\uxtheme.dll
0x00007ffc32230000 - 0x00007ffc32251000 	C:\WINDOWS\system32\dwmapi.dll
0x00007ffc32df0000 - 0x00007ffc32dfb000 	C:\WINDOWS\SYSTEM32\kernel.appcore.dll
0x00007ffc33d10000 - 0x00007ffc33d1b000 	C:\WINDOWS\SYSTEM32\CRYPTBASE.dll
0x00007ffc33ca0000 - 0x00007ffc33d03000 	C:\WINDOWS\SYSTEM32\bcryptPrimitives.dll
0x00007ffc16380000 - 0x00007ffc164ab000 	C:\WINDOWS\system32\opengl32.dll
0x00007ffc28040000 - 0x00007ffc2806e000 	C:\WINDOWS\SYSTEM32\GLU32.dll
0x00007ffc273f0000 - 0x00007ffc274e8000 	C:\WINDOWS\SYSTEM32\DDRAW.dll
0x00007ffc2ee30000 - 0x00007ffc2ee39000 	C:\WINDOWS\SYSTEM32\DCIMAN32.dll
0x0000000053b90000 - 0x0000000053bd7000 	C:\Program Files\Java\jdk1.8.0_162\jre\bin\fontmanager.dll
0x00007ffc36b40000 - 0x00007ffc36bf6000 	C:\WINDOWS\SYSTEM32\clbcatq.dll
0x00007ffc2fc20000 - 0x00007ffc2fdce000 	C:\WINDOWS\SYSTEM32\WindowsCodecs.dll
0x00007ffc337a0000 - 0x00007ffc337c0000 	C:\WINDOWS\SYSTEM32\CRYPTSP.dll
0x00007ffc333c0000 - 0x00007ffc333f6000 	C:\WINDOWS\system32\rsaenh.dll
0x00007ffc339f0000 - 0x00007ffc33a16000 	C:\WINDOWS\SYSTEM32\bcrypt.dll
0x0000000053c00000 - 0x0000000053c1a000 	C:\Program Files\Java\jdk1.8.0_162\jre\bin\net.dll
0x00007ffc33740000 - 0x00007ffc33799000 	C:\WINDOWS\system32\mswsock.dll
0x0000000053be0000 - 0x0000000053bf1000 	C:\Program Files\Java\jdk1.8.0_162\jre\bin\nio.dll
0x0000000051260000 - 0x00000000512a2000 	C:\Program Files\Java\jdk1.8.0_162\jre\bin\t2k.dll
0x0000000180000000 - 0x0000000180025000 	C:\Program Files\Java\jdk1.8.0_162\jre\bin\rxtxSerial.dll
0x00007ffc14e10000 - 0x00007ffc14f99000 	C:\WINDOWS\SYSTEM32\dbghelp.dll

VM Arguments:
jvm_args: -Dfile.encoding=UTF-8 
java_command: mensaje.vista_Mensaje
java_class_path (initial): C:\Program Files\Java\jdk1.8.0_162\jre\bin\RXTXcomm.jar;C:\Program Files\Java\jdk1.8.0_162\jre\bin\jSerialComm-2.0.2.jar;C:\Users\Jorge Alberto\Documents\NetBeansProjects\Conexion_Arduino\build\classes
Launcher Type: SUN_STANDARD

Environment Variables:
PATH=C:\Program Files (x86)\Haskell\bin;C:\Program Files (x86)\Haskell Platform\2010.2.0.0\lib\extralibs\bin;C:\Program Files (x86)\Haskell Platform\2010.2.0.0\bin;C:\ProgramData\Oracle\Java\javapath;C:\Program Files\Microsoft MPI\Bin\;C:\Program Files (x86)\Intel\iCLS Client\;C:\Program Files\Intel\iCLS Client\;C:\WINDOWS\system32;C:\WINDOWS;C:\WINDOWS\System32\Wbem;C:\WINDOWS\System32\WindowsPowerShell\v1.0\;C:\Program Files\Intel\Intel(R) Management Engine Components\DAL;C:\Program Files\Intel\Intel(R) Management Engine Components\IPT;C:\Program Files (x86)\Intel\Intel(R) Management Engine Components\DAL;C:\Program Files (x86)\Intel\Intel(R) Management Engine Components\IPT;C:\Program Files (x86)\Intel\OpenCL SDK\2.0\bin\x86;C:\Program Files (x86)\Intel\OpenCL SDK\2.0\bin\x64;C:\Program Files (x86)\Windows Live\Shared;C:\Program Files (x86)\Microsoft SQL Server\140\DTS\Binn\;C:\Program Files\Microsoft SQL Server\140\DTS\Binn\;C:\Program Files\Microsoft SQL Server\Client SDK\ODBC\130\Tools\Binn\;C:\Program Files (x86)\Microsoft SQL Server\140\Tools\Binn\;C:\Program Files\Microsoft SQL Server\140\Tools\Binn\;C:\Program Files (x86)\Microsoft SQL Server\Client SDK\ODBC\130\Tools\Binn\;C:\Program Files (x86)\Microsoft SQL Server\140\Tools\Binn\ManagementStudio\;C:\Program Files\dotnet\;C:\Program Files\Microsoft SQL Server\130\Tools\Binn\;C:\Program Files (x86)\Microsoft SQL Server\110\DTS\Binn\;C:\Program Files (x86)\Microsoft SQL Server\120\DTS\Binn\;C:\Program Files (x86)\Microsoft SQL Server\130\DTS\Binn\;C:\Program Files\PuTTY\;C:\Users\Jorge Alberto\AppData\Roaming\cabal\bin
USERNAME=Jorge Alberto
OS=Windows_NT
PROCESSOR_IDENTIFIER=Intel64 Family 6 Model 58 Stepping 9, GenuineIntel



---------------  S Y S T E M  ---------------

OS: Windows 8.1 , 64 bit Build 9600 (6.3.9600.17415)

CPU:total 2 (initial active 2) (2 cores per cpu, 1 threads per core) family 6 model 58 stepping 9, cmov, cx8, fxsr, mmx, sse, sse2, sse3, ssse3, sse4.1, sse4.2, popcnt, clmul, erms, tsc, tscinvbit, tscinv

Memory: 4k page, physical 4065168k(1148500k free), swap 8259476k(3779088k free)

vm_info: Java HotSpot(TM) 64-Bit Server VM (25.162-b12) for windows-amd64 JRE (1.8.0_162-b12), built on Dec 19 2017 20:00:03 by "java_re" with MS VC++ 10.0 (VS2010)

time: Mon Apr 09 20:27:06 2018
elapsed time: 21 seconds (0d 0h 0m 21s)

