#
# A fatal error has been detected by the Java Runtime Environment:
#
#  EXCEPTION_ACCESS_VIOLATION (0xc0000005) at pc=0x0000000180005b6b, pid=8704, tid=0x0000000000001dd4
#
# JRE version: Java(TM) SE Runtime Environment (8.0_162-b12) (build 1.8.0_162-b12)
# Java VM: Java HotSpot(TM) 64-Bit Server VM (25.162-b12 mixed mode windows-amd64 compressed oops)
# Problematic frame:
# C  [rxtxSerial.dll+0x5b6b]
#
# Failed to write core dump. Minidumps are not enabled by default on client versions of Windows
#
# If you would like to submit a bug report, please visit:
#   http://bugreport.java.com/bugreport/crash.jsp
# The crash happened outside the Java Virtual Machine in native code.
# See problematic frame for where to report the bug.
#

---------------  T H R E A D  ---------------

Current thread (0x00000000174f7800):  JavaThread "Thread-4" [_thread_in_native, id=7636, stack(0x0000000018300000,0x0000000018400000)]

siginfo: ExceptionCode=0xc0000005, writing address 0x00000000189fead8

Registers:
RAX=0x00000000ffffffff, RBX=0x0000000000000000, RCX=0x0000000000000000, RDX=0x0000000000000000
RSP=0x00000000183ff3b0, RBP=0x00000000ffffffff, RSI=0x0000000000000003, RDI=0x0000000000000001
R8 =0x00000000183fee90, R9 =0x0000000180000000, R10=0x0000000000000000, R11=0x0000000000000200
R12=0x00000000189fead0, R13=0x0000000000000001, R14=0x0000000000000000, R15=0x0000000000000000
RIP=0x0000000180005b6b, EFLAGS=0x0000000000010286

Top of Stack: (sp=0x00000000183ff3b0)
0x00000000183ff3b0:   0000000000000000 0000000000000000
0x00000000183ff3c0:   0000000000000000 0000000000000000
0x00000000183ff3d0:   00000000174f7800 00000000183ff548
0x00000000183ff3e0:   0000000018086e78 00000000183ff548
0x00000000183ff3f0:   ffffffffffffffff 0000000000000001
0x00000000183ff400:   000000001709dc38 0000000180005f3f
0x00000000183ff410:   00000000174f79f8 00000000174f79f8
0x00000000183ff420:   0000000000000001 00000000183ff440
0x00000000183ff430:   0000000000000001 00000000ffffffff
0x00000000183ff440:   0000000002a148e3 00000000183ff548
0x00000000183ff450:   0000000000000000 00000000183ff5b0
0x00000000183ff460:   00000000183ff550 00000000180925d1
0x00000000183ff470:   00000000000000b6 00000000180926b8
0x00000000183ff480:   00000000174f7800 0000000018094b38
0x00000000183ff490:   0000cfd969b2da81 00000000174f7800
0x00000000183ff4a0:   0000000000000000 000000010013c1b8 

Instructions: (pc=0x0000000180005b6b)
0x0000000180005b4b:   31 00 00 85 c0 78 33 74 06 03 d8 2b f8 eb 0a b9
0x0000000180005b5b:   e8 03 00 00 e8 1c 1c 00 00 41 3b dd 7c b7 8b c3
0x0000000180005b6b:   45 89 74 24 08 48 8b 5c 24 60 48 83 c4 20 41 5f
0x0000000180005b7b:   41 5e 41 5d 41 5c 5f 5e 5d c3 e8 1e 61 00 00 83 


Register to memory mapping:

RAX=0x00000000ffffffff is an unallocated location in the heap
RBX=0x0000000000000000 is an unknown value
RCX=0x0000000000000000 is an unknown value
RDX=0x0000000000000000 is an unknown value
RSP=0x00000000183ff3b0 is pointing into the stack for thread: 0x00000000174f7800
RBP=0x00000000ffffffff is an unallocated location in the heap
RSI=0x0000000000000003 is an unknown value
RDI=0x0000000000000001 is an unknown value
R8 =0x00000000183fee90 is pointing into the stack for thread: 0x00000000174f7800
R9 =0x0000000180000000 is an unknown value
R10=0x0000000000000000 is an unknown value
R11=0x0000000000000200 is an unknown value
R12=0x00000000189fead0 is an unknown value
R13=0x0000000000000001 is an unknown value
R14=0x0000000000000000 is an unknown value
R15=0x0000000000000000 is an unknown value


Stack: [0x0000000018300000,0x0000000018400000],  sp=0x00000000183ff3b0,  free space=1020k
Native frames: (J=compiled Java code, j=interpreted, Vv=VM code, C=native code)
C  [rxtxSerial.dll+0x5b6b]
C  [rxtxSerial.dll+0x5f3f]
C  0x0000000002a086c7

Java frames: (J=compiled Java code, j=interpreted, Vv=VM code)
j  gnu.io.RXTXPort.readByte()I+0
j  gnu.io.RXTXPort$SerialInputStream.read()I+81
J 942% C1 mensaje.Ventana2$ImplementoRunnable.run()V (115 bytes) @ 0x0000000002d36c44 [0x0000000002d36a40+0x204]
j  java.lang.Thread.run()V+11
v  ~StubRoutines::call_stub

---------------  P R O C E S S  ---------------

Java Threads: ( => current thread )
=>0x00000000174f7800 JavaThread "Thread-4" [_thread_in_native, id=7636, stack(0x0000000018300000,0x0000000018400000)]
  0x00000000172dd800 JavaThread "Thread-3" [_thread_blocked, id=5688, stack(0x0000000018600000,0x0000000018700000)]
  0x000000001711e800 JavaThread "TimerQueue" daemon [_thread_blocked, id=7656, stack(0x0000000018500000,0x0000000018600000)]
  0x0000000002812800 JavaThread "DestroyJavaVM" [_thread_blocked, id=2496, stack(0x0000000000fd0000,0x00000000010d0000)]
  0x000000001668c000 JavaThread "AWT-EventQueue-0" [_thread_blocked, id=8548, stack(0x0000000016b30000,0x0000000016c30000)]
  0x0000000016684000 JavaThread "AWT-Windows" daemon [_thread_in_native, id=2056, stack(0x00000000168a0000,0x00000000169a0000)]
  0x0000000016681000 JavaThread "AWT-Shutdown" [_thread_blocked, id=6760, stack(0x00000000167a0000,0x00000000168a0000)]
  0x0000000016680000 JavaThread "Java2D Disposer" daemon [_thread_blocked, id=2144, stack(0x00000000166a0000,0x00000000167a0000)]
  0x0000000014dc5000 JavaThread "Service Thread" daemon [_thread_blocked, id=7524, stack(0x0000000015fa0000,0x00000000160a0000)]
  0x0000000014dc1800 JavaThread "C1 CompilerThread1" daemon [_thread_blocked, id=5280, stack(0x0000000015ea0000,0x0000000015fa0000)]
  0x0000000014d6a000 JavaThread "C2 CompilerThread0" daemon [_thread_blocked, id=8176, stack(0x0000000015da0000,0x0000000015ea0000)]
  0x0000000014d69000 JavaThread "Attach Listener" daemon [_thread_blocked, id=9476, stack(0x0000000015ca0000,0x0000000015da0000)]
  0x0000000014d65800 JavaThread "Signal Dispatcher" daemon [_thread_blocked, id=1348, stack(0x0000000015ba0000,0x0000000015ca0000)]
  0x0000000014d58800 JavaThread "Finalizer" daemon [_thread_blocked, id=10144, stack(0x00000000159a0000,0x0000000015aa0000)]
  0x00000000028fe000 JavaThread "Reference Handler" daemon [_thread_blocked, id=8284, stack(0x00000000158a0000,0x00000000159a0000)]

Other Threads:
  0x0000000014d36800 VMThread [stack: 0x00000000157a0000,0x00000000158a0000] [id=8464]
  0x0000000014dca000 WatcherThread [stack: 0x00000000161a0000,0x00000000162a0000] [id=4024]

VM state:not at safepoint (normal execution)

VM Mutex/Monitor currently owned by a thread: None

Heap:
 PSYoungGen      total 18944K, used 17355K [0x00000000eb500000, 0x00000000eca00000, 0x0000000100000000)
  eden space 16384K, 91% used [0x00000000eb500000,0x00000000ec398f40,0x00000000ec500000)
  from space 2560K, 94% used [0x00000000ec500000,0x00000000ec759d20,0x00000000ec780000)
  to   space 2560K, 0% used [0x00000000ec780000,0x00000000ec780000,0x00000000eca00000)
 ParOldGen       total 44032K, used 24K [0x00000000c1e00000, 0x00000000c4900000, 0x00000000eb500000)
  object space 44032K, 0% used [0x00000000c1e00000,0x00000000c1e06000,0x00000000c4900000)
 Metaspace       used 11944K, capacity 12184K, committed 12288K, reserved 1060864K
  class space    used 1405K, capacity 1520K, committed 1536K, reserved 1048576K

Card table byte_map: [0x0000000011db0000,0x0000000011fb0000] byte_map_base: 0x00000000117a1000

Marking Bits: (ParMarkBitMap*) 0x0000000077aa0860
 Begin Bits: [0x0000000012300000, 0x0000000013288000)
 End Bits:   [0x0000000013288000, 0x0000000014210000)

Polling page: 0x0000000000e00000

CodeCache: size=245760Kb used=4049Kb max_used=4049Kb free=241710Kb
 bounds [0x00000000029f0000, 0x0000000002df0000, 0x00000000119f0000]
 total_blobs=1612 nmethods=1129 adapters=396
 compilation: enabled

Compilation events (10 events):
Event: 33.672 Thread 0x0000000014dc1800 1123       3       sun.java2d.pipe.LoopPipe::fillRect (32 bytes)
Event: 33.673 Thread 0x0000000014dc1800 nmethod 1123 0x0000000002de2c10 code [0x0000000002de2d80, 0x0000000002de3008]
Event: 34.856 Thread 0x0000000014dc1800 1126       3       java.util.IdentityHashMap$KeyIterator::next (13 bytes)
Event: 34.857 Thread 0x0000000014dc1800 nmethod 1126 0x0000000002de34d0 code [0x0000000002de3640, 0x0000000002de3928]
Event: 34.857 Thread 0x0000000014dc1800 1127       3       java.util.IdentityHashMap::unmaskNull (13 bytes)
Event: 34.858 Thread 0x0000000014dc1800 nmethod 1127 0x0000000002de3a50 code [0x0000000002de3ba0, 0x0000000002de3d30]
Event: 34.858 Thread 0x0000000014dc1800 1128   !   3       javax.swing.JComponent::paintComponent (44 bytes)
Event: 34.859 Thread 0x0000000014dc1800 nmethod 1128 0x0000000002de3d90 code [0x0000000002de3f40, 0x0000000002de4498]
Event: 34.859 Thread 0x0000000014dc1800 1129       3       sun.java2d.SunGraphics2D::getRenderingHint (224 bytes)
Event: 34.861 Thread 0x0000000014dc1800 nmethod 1129 0x0000000002de4650 code [0x0000000002de48a0, 0x0000000002de5628]

GC Heap History (6 events):
Event: 17.679 GC heap before
{Heap before GC invocations=1 (full 0):
 PSYoungGen      total 18944K, used 16384K [0x00000000eb500000, 0x00000000eca00000, 0x0000000100000000)
  eden space 16384K, 100% used [0x00000000eb500000,0x00000000ec500000,0x00000000ec500000)
  from space 2560K, 0% used [0x00000000ec780000,0x00000000ec780000,0x00000000eca00000)
  to   space 2560K, 0% used [0x00000000ec500000,0x00000000ec500000,0x00000000ec780000)
 ParOldGen       total 44032K, used 0K [0x00000000c1e00000, 0x00000000c4900000, 0x00000000eb500000)
  object space 44032K, 0% used [0x00000000c1e00000,0x00000000c1e00000,0x00000000c4900000)
 Metaspace       used 11709K, capacity 11986K, committed 12032K, reserved 1060864K
  class space    used 1404K, capacity 1519K, committed 1536K, reserved 1048576K
Event: 17.691 GC heap after
Heap after GC invocations=1 (full 0):
 PSYoungGen      total 18944K, used 2503K [0x00000000eb500000, 0x00000000eca00000, 0x0000000100000000)
  eden space 16384K, 0% used [0x00000000eb500000,0x00000000eb500000,0x00000000ec500000)
  from space 2560K, 97% used [0x00000000ec500000,0x00000000ec771d20,0x00000000ec780000)
  to   space 2560K, 0% used [0x00000000ec780000,0x00000000ec780000,0x00000000eca00000)
 ParOldGen       total 44032K, used 8K [0x00000000c1e00000, 0x00000000c4900000, 0x00000000eb500000)
  object space 44032K, 0% used [0x00000000c1e00000,0x00000000c1e02000,0x00000000c4900000)
 Metaspace       used 11709K, capacity 11986K, committed 12032K, reserved 1060864K
  class space    used 1404K, capacity 1519K, committed 1536K, reserved 1048576K
}
Event: 18.843 GC heap before
{Heap before GC invocations=2 (full 0):
 PSYoungGen      total 18944K, used 18887K [0x00000000eb500000, 0x00000000eca00000, 0x0000000100000000)
  eden space 16384K, 100% used [0x00000000eb500000,0x00000000ec500000,0x00000000ec500000)
  from space 2560K, 97% used [0x00000000ec500000,0x00000000ec771d20,0x00000000ec780000)
  to   space 2560K, 0% used [0x00000000ec780000,0x00000000ec780000,0x00000000eca00000)
 ParOldGen       total 44032K, used 8K [0x00000000c1e00000, 0x00000000c4900000, 0x00000000eb500000)
  object space 44032K, 0% used [0x00000000c1e00000,0x00000000c1e02000,0x00000000c4900000)
 Metaspace       used 11764K, capacity 12050K, committed 12288K, reserved 1060864K
  class space    used 1404K, capacity 1519K, committed 1536K, reserved 1048576K
Event: 18.853 GC heap after
Heap after GC invocations=2 (full 0):
 PSYoungGen      total 18944K, used 2407K [0x00000000eb500000, 0x00000000eca00000, 0x0000000100000000)
  eden space 16384K, 0% used [0x00000000eb500000,0x00000000eb500000,0x00000000ec500000)
  from space 2560K, 94% used [0x00000000ec780000,0x00000000ec9d9d20,0x00000000eca00000)
  to   space 2560K, 0% used [0x00000000ec500000,0x00000000ec500000,0x00000000ec780000)
 ParOldGen       total 44032K, used 16K [0x00000000c1e00000, 0x00000000c4900000, 0x00000000eb500000)
  object space 44032K, 0% used [0x00000000c1e00000,0x00000000c1e04000,0x00000000c4900000)
 Metaspace       used 11764K, capacity 12050K, committed 12288K, reserved 1060864K
  class space    used 1404K, capacity 1519K, committed 1536K, reserved 1048576K
}
Event: 20.250 GC heap before
{Heap before GC invocations=3 (full 0):
 PSYoungGen      total 18944K, used 18791K [0x00000000eb500000, 0x00000000eca00000, 0x0000000100000000)
  eden space 16384K, 100% used [0x00000000eb500000,0x00000000ec500000,0x00000000ec500000)
  from space 2560K, 94% used [0x00000000ec780000,0x00000000ec9d9d20,0x00000000eca00000)
  to   space 2560K, 0% used [0x00000000ec500000,0x00000000ec500000,0x00000000ec780000)
 ParOldGen       total 44032K, used 16K [0x00000000c1e00000, 0x00000000c4900000, 0x00000000eb500000)
  object space 44032K, 0% used [0x00000000c1e00000,0x00000000c1e04000,0x00000000c4900000)
 Metaspace       used 11783K, capacity 12050K, committed 12288K, reserved 1060864K
  class space    used 1404K, capacity 1519K, committed 1536K, reserved 1048576K
Event: 20.259 GC heap after
Heap after GC invocations=3 (full 0):
 PSYoungGen      total 18944K, used 2407K [0x00000000eb500000, 0x00000000eca00000, 0x0000000100000000)
  eden space 16384K, 0% used [0x00000000eb500000,0x00000000eb500000,0x00000000ec500000)
  from space 2560K, 94% used [0x00000000ec500000,0x00000000ec759d20,0x00000000ec780000)
  to   space 2560K, 0% used [0x00000000ec780000,0x00000000ec780000,0x00000000eca00000)
 ParOldGen       total 44032K, used 24K [0x00000000c1e00000, 0x00000000c4900000, 0x00000000eb500000)
  object space 44032K, 0% used [0x00000000c1e00000,0x00000000c1e06000,0x00000000c4900000)
 Metaspace       used 11783K, capacity 12050K, committed 12288K, reserved 1060864K
  class space    used 1404K, capacity 1519K, committed 1536K, reserved 1048576K
}

Deoptimization events (6 events):
Event: 1.240 Thread 0x0000000002812800 Uncommon trap: reason=unstable_if action=reinterpret pc=0x0000000002b08f90 method=java.lang.String.equals(Ljava/lang/Object;)Z @ 53
Event: 1.820 Thread 0x000000001668c000 Uncommon trap: reason=null_check action=make_not_entrant pc=0x0000000002b76928 method=java.lang.String.equals(Ljava/lang/Object;)Z @ 8
Event: 7.739 Thread 0x000000001668c000 Uncommon trap: reason=class_check action=maybe_recompile pc=0x0000000002b8f3e8 method=java.lang.String.equals(Ljava/lang/Object;)Z @ 8
Event: 7.739 Thread 0x000000001668c000 Uncommon trap: reason=class_check action=maybe_recompile pc=0x0000000002b8f3e8 method=java.lang.String.equals(Ljava/lang/Object;)Z @ 8
Event: 7.912 Thread 0x000000001668c000 Uncommon trap: reason=class_check action=maybe_recompile pc=0x0000000002b8f3e8 method=java.lang.String.equals(Ljava/lang/Object;)Z @ 8
Event: 7.912 Thread 0x000000001668c000 Uncommon trap: reason=class_check action=maybe_recompile pc=0x0000000002b8f3e8 method=java.lang.String.equals(Ljava/lang/Object;)Z @ 8

Classes redefined (0 events):
No events

Internal exceptions (10 events):
Event: 21.719 Thread 0x00000000174f7800 Exception <a 'java/lang/NullPointerException'> (0x00000000ec27bcb8) thrown at [C:\re\workspace\8-2-build-windows-amd64-cygwin\jdk8u162\10278\hotspot\src\share\vm\runtime\sharedRuntime.cpp, line 605]
Event: 21.719 Thread 0x00000000174f7800 Implicit null exception at 0x0000000002d36ab3 to 0x0000000002d37631
Event: 21.719 Thread 0x00000000174f7800 Exception <a 'java/lang/NullPointerException'> (0x00000000ec27bec0) thrown at [C:\re\workspace\8-2-build-windows-amd64-cygwin\jdk8u162\10278\hotspot\src\share\vm\runtime\sharedRuntime.cpp, line 605]
Event: 21.720 Thread 0x00000000174f7800 Implicit null exception at 0x0000000002d36ab3 to 0x0000000002d37631
Event: 21.720 Thread 0x00000000174f7800 Exception <a 'java/lang/NullPointerException'> (0x00000000ec27c0c8) thrown at [C:\re\workspace\8-2-build-windows-amd64-cygwin\jdk8u162\10278\hotspot\src\share\vm\runtime\sharedRuntime.cpp, line 605]
Event: 21.724 Thread 0x00000000174f7800 Exception <a 'java/lang/InterruptedException': sleep interrupted> (0x00000000ec27c388) thrown at [C:\re\workspace\8-2-build-windows-amd64-cygwin\jdk8u162\10278\hotspot\src\share\vm\prims\jvm.cpp, line 3180]
Event: 23.422 Thread 0x00000000174f7800 Exception <a 'java/lang/InterruptedException': sleep interrupted> (0x00000000ec27fcc8) thrown at [C:\re\workspace\8-2-build-windows-amd64-cygwin\jdk8u162\10278\hotspot\src\share\vm\prims\jvm.cpp, line 3180]
Event: 27.584 Thread 0x000000001668c000 Exception <a 'java/io/FileNotFoundException'> (0x00000000ec2ce7a8) thrown at [C:\re\workspace\8-2-build-windows-amd64-cygwin\jdk8u162\10278\hotspot\src\share\vm\prims\jni.cpp, line 709]
Event: 27.590 Thread 0x000000001668c000 Exception <a 'java/io/FileNotFoundException'> (0x00000000ec2f6660) thrown at [C:\re\workspace\8-2-build-windows-amd64-cygwin\jdk8u162\10278\hotspot\src\share\vm\prims\jni.cpp, line 709]
Event: 33.899 Thread 0x00000000174f7800 Exception <a 'java/lang/InterruptedException': sleep interrupted> (0x00000000ec284ca0) thrown at [C:\re\workspace\8-2-build-windows-amd64-cygwin\jdk8u162\10278\hotspot\src\share\vm\prims\jvm.cpp, line 3180]

Events (10 events):
Event: 20.250 Executing VM operation: ParallelGCFailedAllocation
Event: 20.259 Executing VM operation: ParallelGCFailedAllocation done
Event: 21.659 Thread 0x0000000017531000 Thread added: 0x0000000017531000
Event: 22.147 Executing VM operation: RevokeBias
Event: 22.147 Executing VM operation: RevokeBias done
Event: 22.147 Executing VM operation: RevokeBias
Event: 22.148 Executing VM operation: RevokeBias done
Event: 25.233 Thread 0x0000000017531000 Thread exited: 0x0000000017531000
Event: 27.597 Thread 0x0000000014e06000 Thread added: 0x0000000014e06000
Event: 34.854 Thread 0x0000000014e06000 Thread exited: 0x0000000014e06000


Dynamic libraries:
0x00007ff79a4d0000 - 0x00007ff79a507000 	C:\Program Files\Java\jdk1.8.0_162\bin\java.exe
0x00007ffc36d70000 - 0x00007ffc36f1d000 	C:\WINDOWS\SYSTEM32\ntdll.dll
0x00007ffc34d30000 - 0x00007ffc34e6e000 	C:\WINDOWS\system32\KERNEL32.DLL
0x00007ffc0ea80000 - 0x00007ffc0eab4000 	C:\Program Files\AVAST Software\Avast\x64\aswhooka.dll
0x00007ffc342e0000 - 0x00007ffc343f5000 	C:\WINDOWS\system32\KERNELBASE.dll
0x00007ffc32a60000 - 0x00007ffc32aee000 	C:\WINDOWS\system32\apphelp.dll
0x00007ffc28120000 - 0x00007ffc28173000 	C:\WINDOWS\AppPatch\AppPatch64\AcGenral.DLL
0x00007ffc353a0000 - 0x00007ffc3544a000 	C:\WINDOWS\system32\msvcrt.dll
0x00007ffc34260000 - 0x00007ffc3428e000 	C:\WINDOWS\system32\SspiCli.dll
0x00007ffc35450000 - 0x00007ffc354a4000 	C:\WINDOWS\system32\SHLWAPI.dll
0x00007ffc34770000 - 0x00007ffc348e7000 	C:\WINDOWS\system32\USER32.dll
0x00007ffc350f0000 - 0x00007ffc35284000 	C:\WINDOWS\system32\ole32.dll
0x00007ffc35610000 - 0x00007ffc36b3c000 	C:\WINDOWS\system32\SHELL32.dll
0x00007ffc334d0000 - 0x00007ffc334f1000 	C:\WINDOWS\SYSTEM32\USERENV.dll
0x00007ffc35290000 - 0x00007ffc3533a000 	C:\WINDOWS\system32\ADVAPI32.dll
0x00007ffc2c6b0000 - 0x00007ffc2c6ce000 	C:\WINDOWS\SYSTEM32\MPR.dll
0x00007ffc34620000 - 0x00007ffc34760000 	C:\WINDOWS\system32\RPCRT4.dll
0x00007ffc35340000 - 0x00007ffc35399000 	C:\WINDOWS\SYSTEM32\sechost.dll
0x00007ffc34980000 - 0x00007ffc34b92000 	C:\WINDOWS\SYSTEM32\combase.dll
0x00007ffc354b0000 - 0x00007ffc355fb000 	C:\WINDOWS\system32\GDI32.dll
0x00007ffc33ea0000 - 0x00007ffc33eb5000 	C:\WINDOWS\SYSTEM32\profapi.dll
0x00007ffc32490000 - 0x00007ffc32542000 	C:\WINDOWS\SYSTEM32\SHCORE.dll
0x00007ffc34400000 - 0x00007ffc34436000 	C:\WINDOWS\system32\IMM32.DLL
0x00007ffc36c10000 - 0x00007ffc36d61000 	C:\WINDOWS\system32\MSCTF.dll
0x00007ffc31fb0000 - 0x00007ffc3222b000 	C:\WINDOWS\WinSxS\amd64_microsoft.windows.common-controls_6595b64144ccf1df_6.0.9600.18006_none_623f33d3ecbe86e8\COMCTL32.dll
0x0000000077dc0000 - 0x0000000077e91000 	C:\Program Files\Java\jdk1.8.0_162\jre\bin\msvcr100.dll
0x0000000077280000 - 0x0000000077b20000 	C:\Program Files\Java\jdk1.8.0_162\jre\bin\server\jvm.dll
0x00007ffc2c6d0000 - 0x00007ffc2c6d9000 	C:\WINDOWS\SYSTEM32\WSOCK32.dll
0x00007ffc28fe0000 - 0x00007ffc29002000 	C:\WINDOWS\SYSTEM32\WINMM.dll
0x00007ffc2d250000 - 0x00007ffc2d25a000 	C:\WINDOWS\SYSTEM32\VERSION.dll
0x00007ffc34760000 - 0x00007ffc34767000 	C:\WINDOWS\system32\PSAPI.DLL
0x00007ffc34ee0000 - 0x00007ffc34f3a000 	C:\WINDOWS\system32\WS2_32.dll
0x00007ffc28e00000 - 0x00007ffc28e2a000 	C:\WINDOWS\SYSTEM32\WINMMBASE.dll
0x00007ffc35600000 - 0x00007ffc35609000 	C:\WINDOWS\system32\NSI.dll
0x00007ffc34290000 - 0x00007ffc342df000 	C:\WINDOWS\SYSTEM32\cfgmgr32.dll
0x00007ffc32cb0000 - 0x00007ffc32cd8000 	C:\WINDOWS\SYSTEM32\DEVOBJ.dll
0x0000000053d70000 - 0x0000000053d7f000 	C:\Program Files\Java\jdk1.8.0_162\jre\bin\verify.dll
0x0000000053d40000 - 0x0000000053d69000 	C:\Program Files\Java\jdk1.8.0_162\jre\bin\java.dll
0x0000000052760000 - 0x0000000052776000 	C:\Program Files\Java\jdk1.8.0_162\jre\bin\zip.dll
0x00000000770e0000 - 0x0000000077278000 	C:\Program Files\Java\jdk1.8.0_162\jre\bin\awt.dll
0x00007ffc34ba0000 - 0x00007ffc34c66000 	C:\WINDOWS\system32\OLEAUT32.dll
0x00007ffc32b20000 - 0x00007ffc32c49000 	C:\WINDOWS\system32\uxtheme.dll
0x00007ffc32230000 - 0x00007ffc32251000 	C:\WINDOWS\system32\dwmapi.dll
0x00007ffc32df0000 - 0x00007ffc32dfb000 	C:\WINDOWS\SYSTEM32\kernel.appcore.dll
0x00007ffc33d10000 - 0x00007ffc33d1b000 	C:\WINDOWS\SYSTEM32\CRYPTBASE.dll
0x00007ffc33ca0000 - 0x00007ffc33d03000 	C:\WINDOWS\SYSTEM32\bcryptPrimitives.dll
0x00007ffc283c0000 - 0x00007ffc284eb000 	C:\WINDOWS\system32\opengl32.dll
0x00007ffc28580000 - 0x00007ffc285ae000 	C:\WINDOWS\SYSTEM32\GLU32.dll
0x00007ffc282c0000 - 0x00007ffc283b8000 	C:\WINDOWS\SYSTEM32\DDRAW.dll
0x00007ffc2c000000 - 0x00007ffc2c009000 	C:\WINDOWS\SYSTEM32\DCIMAN32.dll
0x00000000526d0000 - 0x0000000052717000 	C:\Program Files\Java\jdk1.8.0_162\jre\bin\fontmanager.dll
0x00007ffc36b40000 - 0x00007ffc36bf6000 	C:\WINDOWS\SYSTEM32\clbcatq.dll
0x00007ffc2fc20000 - 0x00007ffc2fdce000 	C:\WINDOWS\SYSTEM32\WindowsCodecs.dll
0x00007ffc337a0000 - 0x00007ffc337c0000 	C:\WINDOWS\SYSTEM32\CRYPTSP.dll
0x00007ffc333c0000 - 0x00007ffc333f6000 	C:\WINDOWS\system32\rsaenh.dll
0x00007ffc339f0000 - 0x00007ffc33a16000 	C:\WINDOWS\SYSTEM32\bcrypt.dll
0x0000000052740000 - 0x000000005275a000 	C:\Program Files\Java\jdk1.8.0_162\jre\bin\net.dll
0x00007ffc33740000 - 0x00007ffc33799000 	C:\WINDOWS\system32\mswsock.dll
0x0000000052720000 - 0x0000000052731000 	C:\Program Files\Java\jdk1.8.0_162\jre\bin\nio.dll
0x0000000051260000 - 0x00000000512a2000 	C:\Program Files\Java\jdk1.8.0_162\jre\bin\t2k.dll
0x0000000180000000 - 0x0000000180025000 	C:\Program Files\Java\jdk1.8.0_162\jre\bin\rxtxSerial.dll
0x00007ffc14e10000 - 0x00007ffc14f99000 	C:\WINDOWS\SYSTEM32\dbghelp.dll

VM Arguments:
jvm_args: -Dfile.encoding=UTF-8 
java_command: mensaje.vista_Mensaje
java_class_path (initial): C:\Program Files\Java\jdk1.8.0_162\jre\bin\RXTXcomm.jar;C:\Program Files\Java\jdk1.8.0_162\jre\bin\jSerialComm-2.0.2.jar;C:\Users\Jorge Alberto\Documents\NetBeansProjects\Conexion_Arduino\build\classes
Launcher Type: SUN_STANDARD

Environment Variables:
PATH=C:\Program Files (x86)\Haskell\bin;C:\Program Files (x86)\Haskell Platform\2010.2.0.0\lib\extralibs\bin;C:\Program Files (x86)\Haskell Platform\2010.2.0.0\bin;C:\ProgramData\Oracle\Java\javapath;C:\Program Files\Microsoft MPI\Bin\;C:\Program Files (x86)\Intel\iCLS Client\;C:\Program Files\Intel\iCLS Client\;C:\WINDOWS\system32;C:\WINDOWS;C:\WINDOWS\System32\Wbem;C:\WINDOWS\System32\WindowsPowerShell\v1.0\;C:\Program Files\Intel\Intel(R) Management Engine Components\DAL;C:\Program Files\Intel\Intel(R) Management Engine Components\IPT;C:\Program Files (x86)\Intel\Intel(R) Management Engine Components\DAL;C:\Program Files (x86)\Intel\Intel(R) Management Engine Components\IPT;C:\Program Files (x86)\Intel\OpenCL SDK\2.0\bin\x86;C:\Program Files (x86)\Intel\OpenCL SDK\2.0\bin\x64;C:\Program Files (x86)\Windows Live\Shared;C:\Program Files (x86)\Microsoft SQL Server\140\DTS\Binn\;C:\Program Files\Microsoft SQL Server\140\DTS\Binn\;C:\Program Files\Microsoft SQL Server\Client SDK\ODBC\130\Tools\Binn\;C:\Program Files (x86)\Microsoft SQL Server\140\Tools\Binn\;C:\Program Files\Microsoft SQL Server\140\Tools\Binn\;C:\Program Files (x86)\Microsoft SQL Server\Client SDK\ODBC\130\Tools\Binn\;C:\Program Files (x86)\Microsoft SQL Server\140\Tools\Binn\ManagementStudio\;C:\Program Files\dotnet\;C:\Program Files\Microsoft SQL Server\130\Tools\Binn\;C:\Program Files (x86)\Microsoft SQL Server\110\DTS\Binn\;C:\Program Files (x86)\Microsoft SQL Server\120\DTS\Binn\;C:\Program Files (x86)\Microsoft SQL Server\130\DTS\Binn\;C:\Program Files\PuTTY\;C:\Users\Jorge Alberto\AppData\Roaming\cabal\bin
USERNAME=Jorge Alberto
OS=Windows_NT
PROCESSOR_IDENTIFIER=Intel64 Family 6 Model 58 Stepping 9, GenuineIntel



---------------  S Y S T E M  ---------------

OS: Windows 8.1 , 64 bit Build 9600 (6.3.9600.17415)

CPU:total 2 (initial active 2) (2 cores per cpu, 1 threads per core) family 6 model 58 stepping 9, cmov, cx8, fxsr, mmx, sse, sse2, sse3, ssse3, sse4.1, sse4.2, popcnt, clmul, erms, tsc, tscinvbit, tscinv

Memory: 4k page, physical 4065168k(1443712k free), swap 8259476k(3825528k free)

vm_info: Java HotSpot(TM) 64-Bit Server VM (25.162-b12) for windows-amd64 JRE (1.8.0_162-b12), built on Dec 19 2017 20:00:03 by "java_re" with MS VC++ 10.0 (VS2010)

time: Sun Apr 08 20:41:51 2018
elapsed time: 34 seconds (0d 0h 0m 34s)

