#
# A fatal error has been detected by the Java Runtime Environment:
#
#  EXCEPTION_ACCESS_VIOLATION (0xc0000005) at pc=0x0000000180005b6b, pid=7836, tid=0x00000000000024d0
#
# JRE version: Java(TM) SE Runtime Environment (8.0_162-b12) (build 1.8.0_162-b12)
# Java VM: Java HotSpot(TM) 64-Bit Server VM (25.162-b12 mixed mode windows-amd64 compressed oops)
# Problematic frame:
# C  [rxtxSerial.dll+0x5b6b]
#
# Failed to write core dump. Minidumps are not enabled by default on client versions of Windows
#
# If you would like to submit a bug report, please visit:
#   http://bugreport.java.com/bugreport/crash.jsp
# The crash happened outside the Java Virtual Machine in native code.
# See problematic frame for where to report the bug.
#

---------------  T H R E A D  ---------------

Current thread (0x000000001697c800):  JavaThread "Thread-4" [_thread_in_native, id=9424, stack(0x0000000017a90000,0x0000000017b90000)]

siginfo: ExceptionCode=0xc0000005, writing address 0x000000001819ec08

Registers:
RAX=0x00000000ffffffff, RBX=0x0000000000000000, RCX=0x0000000000000000, RDX=0x0000000000000000
RSP=0x0000000017b8efe0, RBP=0x00000000ffffffff, RSI=0x0000000000000002, RDI=0x0000000000000001
R8 =0x0000000017b8eac0, R9 =0x0000000180000000, R10=0x0000000000000000, R11=0x0000000000000200
R12=0x000000001819ec00, R13=0x0000000000000001, R14=0x0000000000000000, R15=0x0000000000000000
RIP=0x0000000180005b6b, EFLAGS=0x0000000000010286

Top of Stack: (sp=0x0000000017b8efe0)
0x0000000017b8efe0:   0000000000000000 0000000000000000
0x0000000017b8eff0:   0000000000000000 0000000000000000
0x0000000017b8f000:   000000001697c800 0000000017b8f180
0x0000000017b8f010:   0000000017906e78 0000000017b8f180
0x0000000017b8f020:   ffffffffffffffff 0000000000000001
0x0000000017b8f030:   0000000016980798 0000000180005f3f
0x0000000017b8f040:   000000001697c9f8 000000001697c9f8
0x0000000017b8f050:   0000000000000001 0000000017b8f070
0x0000000017b8f060:   0000000000000001 00000000ffffffff
0x0000000017b8f070:   000000001697c800 0000000017b8f180
0x0000000017b8f080:   00000000022d48e3 00000000022b56d0
0x0000000017b8f090:   0000000000000000 0000000017b8f1e8
0x0000000017b8f0a0:   0000000017b8f188 00000000179125d1
0x0000000017b8f0b0:   00000000000000b6 00000000179126b8
0x0000000017b8f0c0:   0000d0fdccb03bf5 0000000017914b38
0x0000000017b8f0d0:   0000000000000000 00000000022b835d 

Instructions: (pc=0x0000000180005b6b)
0x0000000180005b4b:   31 00 00 85 c0 78 33 74 06 03 d8 2b f8 eb 0a b9
0x0000000180005b5b:   e8 03 00 00 e8 1c 1c 00 00 41 3b dd 7c b7 8b c3
0x0000000180005b6b:   45 89 74 24 08 48 8b 5c 24 60 48 83 c4 20 41 5f
0x0000000180005b7b:   41 5e 41 5d 41 5c 5f 5e 5d c3 e8 1e 61 00 00 83 


Register to memory mapping:

RAX=0x00000000ffffffff is an unallocated location in the heap
RBX=0x0000000000000000 is an unknown value
RCX=0x0000000000000000 is an unknown value
RDX=0x0000000000000000 is an unknown value
RSP=0x0000000017b8efe0 is pointing into the stack for thread: 0x000000001697c800
RBP=0x00000000ffffffff is an unallocated location in the heap
RSI=0x0000000000000002 is an unknown value
RDI=0x0000000000000001 is an unknown value
R8 =0x0000000017b8eac0 is pointing into the stack for thread: 0x000000001697c800
R9 =0x0000000180000000 is an unknown value
R10=0x0000000000000000 is an unknown value
R11=0x0000000000000200 is an unknown value
R12=0x000000001819ec00 is an unknown value
R13=0x0000000000000001 is an unknown value
R14=0x0000000000000000 is an unknown value
R15=0x0000000000000000 is an unknown value


Stack: [0x0000000017a90000,0x0000000017b90000],  sp=0x0000000017b8efe0,  free space=1019k
Native frames: (J=compiled Java code, j=interpreted, Vv=VM code, C=native code)
C  [rxtxSerial.dll+0x5b6b]
C  [rxtxSerial.dll+0x5f3f]
C  0x00000000022c86c7

Java frames: (J=compiled Java code, j=interpreted, Vv=VM code)
j  gnu.io.RXTXPort.readByte()I+0
j  gnu.io.RXTXPort$SerialInputStream.read()I+81
j  mensaje.Ventana2$ImplementoRunnable.run()V+26
j  java.lang.Thread.run()V+11
v  ~StubRoutines::call_stub

---------------  P R O C E S S  ---------------

Java Threads: ( => current thread )
=>0x000000001697c800 JavaThread "Thread-4" [_thread_in_native, id=9424, stack(0x0000000017a90000,0x0000000017b90000)]
  0x0000000015e61800 JavaThread "Thread-3" [_thread_blocked, id=1212, stack(0x0000000017da0000,0x0000000017ea0000)]
  0x000000001697f800 JavaThread "TimerQueue" daemon [_thread_blocked, id=9896, stack(0x0000000017ca0000,0x0000000017da0000)]
  0x00000000021b2800 JavaThread "DestroyJavaVM" [_thread_blocked, id=4312, stack(0x00000000020b0000,0x00000000021b0000)]
  0x0000000015f37000 JavaThread "AWT-EventQueue-0" [_thread_blocked, id=8584, stack(0x00000000163a0000,0x00000000164a0000)]
  0x0000000015f2e800 JavaThread "AWT-Windows" daemon [_thread_in_native, id=7528, stack(0x0000000016160000,0x0000000016260000)]
  0x0000000015f2b800 JavaThread "AWT-Shutdown" [_thread_blocked, id=8364, stack(0x0000000016060000,0x0000000016160000)]
  0x0000000015f2a800 JavaThread "Java2D Disposer" daemon [_thread_blocked, id=7524, stack(0x0000000015f60000,0x0000000016060000)]
  0x000000001468c800 JavaThread "Service Thread" daemon [_thread_blocked, id=5408, stack(0x0000000015860000,0x0000000015960000)]
  0x0000000014682800 JavaThread "C1 CompilerThread1" daemon [_thread_blocked, id=8100, stack(0x0000000015760000,0x0000000015860000)]
  0x000000001462b000 JavaThread "C2 CompilerThread0" daemon [_thread_blocked, id=5196, stack(0x0000000015660000,0x0000000015760000)]
  0x0000000014629800 JavaThread "Attach Listener" daemon [_thread_blocked, id=5000, stack(0x0000000015560000,0x0000000015660000)]
  0x0000000014626000 JavaThread "Signal Dispatcher" daemon [_thread_blocked, id=6448, stack(0x0000000015460000,0x0000000015560000)]
  0x0000000014618800 JavaThread "Finalizer" daemon [_thread_blocked, id=4032, stack(0x0000000015260000,0x0000000015360000)]
  0x000000000229e000 JavaThread "Reference Handler" daemon [_thread_blocked, id=8756, stack(0x0000000015160000,0x0000000015260000)]

Other Threads:
  0x00000000145f6800 VMThread [stack: 0x0000000015060000,0x0000000015160000] [id=8720]
  0x0000000014692000 WatcherThread [stack: 0x0000000015a60000,0x0000000015b60000] [id=10080]

VM state:not at safepoint (normal execution)

VM Mutex/Monitor currently owned by a thread: None

Heap:
 PSYoungGen      total 18944K, used 8771K [0x00000000eb500000, 0x00000000eca00000, 0x0000000100000000)
  eden space 16384K, 38% used [0x00000000eb500000,0x00000000ebb3b188,0x00000000ec500000)
  from space 2560K, 93% used [0x00000000ec780000,0x00000000ec9d5d30,0x00000000eca00000)
  to   space 2560K, 0% used [0x00000000ec500000,0x00000000ec500000,0x00000000ec780000)
 ParOldGen       total 44032K, used 16K [0x00000000c1e00000, 0x00000000c4900000, 0x00000000eb500000)
  object space 44032K, 0% used [0x00000000c1e00000,0x00000000c1e04000,0x00000000c4900000)
 Metaspace       used 11781K, capacity 12044K, committed 12288K, reserved 1060864K
  class space    used 1407K, capacity 1520K, committed 1536K, reserved 1048576K

Card table byte_map: [0x0000000011670000,0x0000000011870000] byte_map_base: 0x0000000011061000

Marking Bits: (ParMarkBitMap*) 0x0000000077a20860
 Begin Bits: [0x0000000011bc0000, 0x0000000012b48000)
 End Bits:   [0x0000000012b48000, 0x0000000013ad0000)

Polling page: 0x00000000006b0000

CodeCache: size=245760Kb used=3408Kb max_used=3408Kb free=242351Kb
 bounds [0x00000000022b0000, 0x0000000002610000, 0x00000000112b0000]
 total_blobs=1409 nmethods=926 adapters=396
 compilation: enabled

Compilation events (10 events):
Event: 13.181 Thread 0x0000000014682800  924       3       java.lang.StringBuilder::<init> (6 bytes)
Event: 13.182 Thread 0x0000000014682800 nmethod 924 0x0000000002603550 code [0x00000000026036c0, 0x0000000002603970]
Event: 13.371 Thread 0x0000000014682800  925       3       java.awt.EventQueue::coalesceMouseEvent (44 bytes)
Event: 13.371 Thread 0x0000000014682800 nmethod 925 0x0000000002603a90 code [0x0000000002603c20, 0x0000000002604068]
Event: 13.371 Thread 0x0000000014682800  926       3       java.util.IdentityHashMap::clear (39 bytes)
Event: 13.372 Thread 0x0000000014682800 nmethod 926 0x0000000002604210 code [0x0000000002604380, 0x00000000026046d0]
Event: 13.372 Thread 0x0000000014682800  928       3       sun.java2d.SunGraphics2D::dispose (12 bytes)
Event: 13.372 Thread 0x0000000014682800 nmethod 928 0x0000000002604810 code [0x0000000002604980, 0x0000000002604ba8]
Event: 13.372 Thread 0x0000000014682800  927       3       java.awt.Rectangle::setLocation (7 bytes)
Event: 13.372 Thread 0x0000000014682800 nmethod 927 0x0000000002604c50 code [0x0000000002604da0, 0x0000000002604fd0]

GC Heap History (4 events):
Event: 9.127 GC heap before
{Heap before GC invocations=1 (full 0):
 PSYoungGen      total 18944K, used 16384K [0x00000000eb500000, 0x00000000eca00000, 0x0000000100000000)
  eden space 16384K, 100% used [0x00000000eb500000,0x00000000ec500000,0x00000000ec500000)
  from space 2560K, 0% used [0x00000000ec780000,0x00000000ec780000,0x00000000eca00000)
  to   space 2560K, 0% used [0x00000000ec500000,0x00000000ec500000,0x00000000ec780000)
 ParOldGen       total 44032K, used 0K [0x00000000c1e00000, 0x00000000c4900000, 0x00000000eb500000)
  object space 44032K, 0% used [0x00000000c1e00000,0x00000000c1e00000,0x00000000c4900000)
 Metaspace       used 11626K, capacity 11910K, committed 12032K, reserved 1060864K
  class space    used 1406K, capacity 1519K, committed 1536K, reserved 1048576K
Event: 9.141 GC heap after
Heap after GC invocations=1 (full 0):
 PSYoungGen      total 18944K, used 2487K [0x00000000eb500000, 0x00000000eca00000, 0x0000000100000000)
  eden space 16384K, 0% used [0x00000000eb500000,0x00000000eb500000,0x00000000ec500000)
  from space 2560K, 97% used [0x00000000ec500000,0x00000000ec76dd50,0x00000000ec780000)
  to   space 2560K, 0% used [0x00000000ec780000,0x00000000ec780000,0x00000000eca00000)
 ParOldGen       total 44032K, used 8K [0x00000000c1e00000, 0x00000000c4900000, 0x00000000eb500000)
  object space 44032K, 0% used [0x00000000c1e00000,0x00000000c1e02000,0x00000000c4900000)
 Metaspace       used 11626K, capacity 11910K, committed 12032K, reserved 1060864K
  class space    used 1406K, capacity 1519K, committed 1536K, reserved 1048576K
}
Event: 10.359 GC heap before
{Heap before GC invocations=2 (full 0):
 PSYoungGen      total 18944K, used 18871K [0x00000000eb500000, 0x00000000eca00000, 0x0000000100000000)
  eden space 16384K, 100% used [0x00000000eb500000,0x00000000ec500000,0x00000000ec500000)
  from space 2560K, 97% used [0x00000000ec500000,0x00000000ec76dd50,0x00000000ec780000)
  to   space 2560K, 0% used [0x00000000ec780000,0x00000000ec780000,0x00000000eca00000)
 ParOldGen       total 44032K, used 8K [0x00000000c1e00000, 0x00000000c4900000, 0x00000000eb500000)
  object space 44032K, 0% used [0x00000000c1e00000,0x00000000c1e02000,0x00000000c4900000)
 Metaspace       used 11717K, capacity 11974K, committed 12032K, reserved 1060864K
  class space    used 1406K, capacity 1519K, committed 1536K, reserved 1048576K
Event: 10.369 GC heap after
Heap after GC invocations=2 (full 0):
 PSYoungGen      total 18944K, used 2391K [0x00000000eb500000, 0x00000000eca00000, 0x0000000100000000)
  eden space 16384K, 0% used [0x00000000eb500000,0x00000000eb500000,0x00000000ec500000)
  from space 2560K, 93% used [0x00000000ec780000,0x00000000ec9d5d30,0x00000000eca00000)
  to   space 2560K, 0% used [0x00000000ec500000,0x00000000ec500000,0x00000000ec780000)
 ParOldGen       total 44032K, used 16K [0x00000000c1e00000, 0x00000000c4900000, 0x00000000eb500000)
  object space 44032K, 0% used [0x00000000c1e00000,0x00000000c1e04000,0x00000000c4900000)
 Metaspace       used 11717K, capacity 11974K, committed 12032K, reserved 1060864K
  class space    used 1406K, capacity 1519K, committed 1536K, reserved 1048576K
}

Deoptimization events (4 events):
Event: 3.017 Thread 0x0000000015f37000 Uncommon trap: reason=class_check action=maybe_recompile pc=0x00000000023cba28 method=java.lang.String.equals(Ljava/lang/Object;)Z @ 8
Event: 3.017 Thread 0x0000000015f37000 Uncommon trap: reason=class_check action=maybe_recompile pc=0x00000000023cba28 method=java.lang.String.equals(Ljava/lang/Object;)Z @ 8
Event: 3.129 Thread 0x0000000015f37000 Uncommon trap: reason=class_check action=maybe_recompile pc=0x00000000023cba28 method=java.lang.String.equals(Ljava/lang/Object;)Z @ 8
Event: 3.129 Thread 0x0000000015f37000 Uncommon trap: reason=class_check action=maybe_recompile pc=0x00000000023cba28 method=java.lang.String.equals(Ljava/lang/Object;)Z @ 8

Classes redefined (0 events):
No events

Internal exceptions (10 events):
Event: 10.730 Thread 0x000000001697c800 Exception <a 'java/lang/NullPointerException'> (0x00000000ebb03100) thrown at [C:\re\workspace\8-2-build-windows-amd64-cygwin\jdk8u162\10278\hotspot\src\share\vm\interpreter\linkResolver.cpp, line 1185]
Event: 10.730 Thread 0x000000001697c800 Exception <a 'java/lang/NullPointerException'> (0x00000000ebb03308) thrown at [C:\re\workspace\8-2-build-windows-amd64-cygwin\jdk8u162\10278\hotspot\src\share\vm\interpreter\linkResolver.cpp, line 1185]
Event: 10.730 Thread 0x000000001697c800 Exception <a 'java/lang/NullPointerException'> (0x00000000ebb03510) thrown at [C:\re\workspace\8-2-build-windows-amd64-cygwin\jdk8u162\10278\hotspot\src\share\vm\interpreter\linkResolver.cpp, line 1185]
Event: 10.730 Thread 0x000000001697c800 Exception <a 'java/lang/NullPointerException'> (0x00000000ebb03718) thrown at [C:\re\workspace\8-2-build-windows-amd64-cygwin\jdk8u162\10278\hotspot\src\share\vm\interpreter\linkResolver.cpp, line 1185]
Event: 10.730 Thread 0x000000001697c800 Exception <a 'java/lang/NullPointerException'> (0x00000000ebb03920) thrown at [C:\re\workspace\8-2-build-windows-amd64-cygwin\jdk8u162\10278\hotspot\src\share\vm\interpreter\linkResolver.cpp, line 1185]
Event: 10.730 Thread 0x000000001697c800 Exception <a 'java/lang/NullPointerException'> (0x00000000ebb03b28) thrown at [C:\re\workspace\8-2-build-windows-amd64-cygwin\jdk8u162\10278\hotspot\src\share\vm\interpreter\linkResolver.cpp, line 1185]
Event: 10.730 Thread 0x000000001697c800 Exception <a 'java/lang/NullPointerException'> (0x00000000ebb03d30) thrown at [C:\re\workspace\8-2-build-windows-amd64-cygwin\jdk8u162\10278\hotspot\src\share\vm\interpreter\linkResolver.cpp, line 1185]
Event: 10.731 Thread 0x000000001697c800 Exception <a 'java/lang/NullPointerException'> (0x00000000ebb03f38) thrown at [C:\re\workspace\8-2-build-windows-amd64-cygwin\jdk8u162\10278\hotspot\src\share\vm\interpreter\linkResolver.cpp, line 1185]
Event: 10.739 Thread 0x000000001697c800 Exception <a 'java/lang/InterruptedException': sleep interrupted> (0x00000000ebb041f8) thrown at [C:\re\workspace\8-2-build-windows-amd64-cygwin\jdk8u162\10278\hotspot\src\share\vm\prims\jvm.cpp, line 3180]
Event: 11.994 Thread 0x000000001697c800 Exception <a 'java/lang/InterruptedException': sleep interrupted> (0x00000000ebb07938) thrown at [C:\re\workspace\8-2-build-windows-amd64-cygwin\jdk8u162\10278\hotspot\src\share\vm\prims\jvm.cpp, line 3180]

Events (10 events):
Event: 9.143 Executing VM operation: RevokeBias
Event: 9.143 Executing VM operation: RevokeBias done
Event: 10.359 Executing VM operation: ParallelGCFailedAllocation
Event: 10.369 Executing VM operation: ParallelGCFailedAllocation done
Event: 10.692 Thread 0x0000000016bb8800 Thread added: 0x0000000016bb8800
Event: 11.150 Executing VM operation: RevokeBias
Event: 11.150 Executing VM operation: RevokeBias done
Event: 11.150 Executing VM operation: RevokeBias
Event: 11.150 Executing VM operation: RevokeBias done
Event: 13.369 Thread 0x0000000016bb8800 Thread exited: 0x0000000016bb8800


Dynamic libraries:
0x00007ff63d400000 - 0x00007ff63d437000 	C:\Program Files\Java\jdk1.8.0_162\bin\java.exe
0x00007ffc36d70000 - 0x00007ffc36f1d000 	C:\WINDOWS\SYSTEM32\ntdll.dll
0x00007ffc34d30000 - 0x00007ffc34e6e000 	C:\WINDOWS\system32\KERNEL32.DLL
0x00007ffc0ea80000 - 0x00007ffc0eab4000 	C:\Program Files\AVAST Software\Avast\x64\aswhooka.dll
0x00007ffc342e0000 - 0x00007ffc343f5000 	C:\WINDOWS\system32\KERNELBASE.dll
0x00007ffc32a60000 - 0x00007ffc32aee000 	C:\WINDOWS\system32\apphelp.dll
0x00007ffc2c020000 - 0x00007ffc2c073000 	C:\WINDOWS\AppPatch\AppPatch64\AcGenral.DLL
0x00007ffc353a0000 - 0x00007ffc3544a000 	C:\WINDOWS\system32\msvcrt.dll
0x00007ffc34260000 - 0x00007ffc3428e000 	C:\WINDOWS\system32\SspiCli.dll
0x00007ffc35450000 - 0x00007ffc354a4000 	C:\WINDOWS\system32\SHLWAPI.dll
0x00007ffc34770000 - 0x00007ffc348e7000 	C:\WINDOWS\system32\USER32.dll
0x00007ffc350f0000 - 0x00007ffc35284000 	C:\WINDOWS\system32\ole32.dll
0x00007ffc35610000 - 0x00007ffc36b3c000 	C:\WINDOWS\system32\SHELL32.dll
0x00007ffc334d0000 - 0x00007ffc334f1000 	C:\WINDOWS\SYSTEM32\USERENV.dll
0x00007ffc35290000 - 0x00007ffc3533a000 	C:\WINDOWS\system32\ADVAPI32.dll
0x00007ffc2c6b0000 - 0x00007ffc2c6ce000 	C:\WINDOWS\SYSTEM32\MPR.dll
0x00007ffc34620000 - 0x00007ffc34760000 	C:\WINDOWS\system32\RPCRT4.dll
0x00007ffc35340000 - 0x00007ffc35399000 	C:\WINDOWS\SYSTEM32\sechost.dll
0x00007ffc34980000 - 0x00007ffc34b92000 	C:\WINDOWS\SYSTEM32\combase.dll
0x00007ffc354b0000 - 0x00007ffc355fb000 	C:\WINDOWS\system32\GDI32.dll
0x00007ffc33ea0000 - 0x00007ffc33eb5000 	C:\WINDOWS\SYSTEM32\profapi.dll
0x00007ffc32490000 - 0x00007ffc32542000 	C:\WINDOWS\SYSTEM32\SHCORE.dll
0x00007ffc34400000 - 0x00007ffc34436000 	C:\WINDOWS\system32\IMM32.DLL
0x00007ffc36c10000 - 0x00007ffc36d61000 	C:\WINDOWS\system32\MSCTF.dll
0x00007ffc31fb0000 - 0x00007ffc3222b000 	C:\WINDOWS\WinSxS\amd64_microsoft.windows.common-controls_6595b64144ccf1df_6.0.9600.18006_none_623f33d3ecbe86e8\COMCTL32.dll
0x0000000051710000 - 0x00000000517e1000 	C:\Program Files\Java\jdk1.8.0_162\jre\bin\msvcr100.dll
0x0000000077200000 - 0x0000000077aa0000 	C:\Program Files\Java\jdk1.8.0_162\jre\bin\server\jvm.dll
0x00007ffc2fac0000 - 0x00007ffc2fac9000 	C:\WINDOWS\SYSTEM32\WSOCK32.dll
0x00007ffc28fe0000 - 0x00007ffc29002000 	C:\WINDOWS\SYSTEM32\WINMM.dll
0x00007ffc2d250000 - 0x00007ffc2d25a000 	C:\WINDOWS\SYSTEM32\VERSION.dll
0x00007ffc34760000 - 0x00007ffc34767000 	C:\WINDOWS\system32\PSAPI.DLL
0x00007ffc34ee0000 - 0x00007ffc34f3a000 	C:\WINDOWS\system32\WS2_32.dll
0x00007ffc28e00000 - 0x00007ffc28e2a000 	C:\WINDOWS\SYSTEM32\WINMMBASE.dll
0x00007ffc35600000 - 0x00007ffc35609000 	C:\WINDOWS\system32\NSI.dll
0x00007ffc34290000 - 0x00007ffc342df000 	C:\WINDOWS\SYSTEM32\cfgmgr32.dll
0x00007ffc32cb0000 - 0x00007ffc32cd8000 	C:\WINDOWS\SYSTEM32\DEVOBJ.dll
0x0000000053d70000 - 0x0000000053d7f000 	C:\Program Files\Java\jdk1.8.0_162\jre\bin\verify.dll
0x0000000053d40000 - 0x0000000053d69000 	C:\Program Files\Java\jdk1.8.0_162\jre\bin\java.dll
0x0000000053c20000 - 0x0000000053c36000 	C:\Program Files\Java\jdk1.8.0_162\jre\bin\zip.dll
0x0000000050210000 - 0x00000000503a8000 	C:\Program Files\Java\jdk1.8.0_162\jre\bin\awt.dll
0x00007ffc34ba0000 - 0x00007ffc34c66000 	C:\WINDOWS\system32\OLEAUT32.dll
0x00007ffc32b20000 - 0x00007ffc32c49000 	C:\WINDOWS\system32\uxtheme.dll
0x00007ffc32230000 - 0x00007ffc32251000 	C:\WINDOWS\system32\dwmapi.dll
0x00007ffc32df0000 - 0x00007ffc32dfb000 	C:\WINDOWS\SYSTEM32\kernel.appcore.dll
0x00007ffc33d10000 - 0x00007ffc33d1b000 	C:\WINDOWS\SYSTEM32\CRYPTBASE.dll
0x00007ffc33ca0000 - 0x00007ffc33d03000 	C:\WINDOWS\SYSTEM32\bcryptPrimitives.dll
0x00007ffc16380000 - 0x00007ffc164ab000 	C:\WINDOWS\system32\opengl32.dll
0x00007ffc28040000 - 0x00007ffc2806e000 	C:\WINDOWS\SYSTEM32\GLU32.dll
0x00007ffc273f0000 - 0x00007ffc274e8000 	C:\WINDOWS\SYSTEM32\DDRAW.dll
0x00007ffc2ee30000 - 0x00007ffc2ee39000 	C:\WINDOWS\SYSTEM32\DCIMAN32.dll
0x0000000053b90000 - 0x0000000053bd7000 	C:\Program Files\Java\jdk1.8.0_162\jre\bin\fontmanager.dll
0x00007ffc36b40000 - 0x00007ffc36bf6000 	C:\WINDOWS\SYSTEM32\clbcatq.dll
0x00007ffc2fc20000 - 0x00007ffc2fdce000 	C:\WINDOWS\SYSTEM32\WindowsCodecs.dll
0x00007ffc337a0000 - 0x00007ffc337c0000 	C:\WINDOWS\SYSTEM32\CRYPTSP.dll
0x00007ffc333c0000 - 0x00007ffc333f6000 	C:\WINDOWS\system32\rsaenh.dll
0x00007ffc339f0000 - 0x00007ffc33a16000 	C:\WINDOWS\SYSTEM32\bcrypt.dll
0x0000000053c00000 - 0x0000000053c1a000 	C:\Program Files\Java\jdk1.8.0_162\jre\bin\net.dll
0x00007ffc33740000 - 0x00007ffc33799000 	C:\WINDOWS\system32\mswsock.dll
0x0000000053be0000 - 0x0000000053bf1000 	C:\Program Files\Java\jdk1.8.0_162\jre\bin\nio.dll
0x0000000051260000 - 0x00000000512a2000 	C:\Program Files\Java\jdk1.8.0_162\jre\bin\t2k.dll
0x0000000180000000 - 0x0000000180025000 	C:\Program Files\Java\jdk1.8.0_162\jre\bin\rxtxSerial.dll
0x00007ffc14e10000 - 0x00007ffc14f99000 	C:\WINDOWS\SYSTEM32\dbghelp.dll

VM Arguments:
jvm_args: -Dfile.encoding=UTF-8 
java_command: mensaje.vista_Mensaje
java_class_path (initial): C:\Program Files\Java\jdk1.8.0_162\jre\bin\RXTXcomm.jar;C:\Program Files\Java\jdk1.8.0_162\jre\bin\jSerialComm-2.0.2.jar;C:\Users\Jorge Alberto\Documents\NetBeansProjects\Conexion_Arduino\build\classes
Launcher Type: SUN_STANDARD

Environment Variables:
PATH=C:\Program Files (x86)\Haskell\bin;C:\Program Files (x86)\Haskell Platform\2010.2.0.0\lib\extralibs\bin;C:\Program Files (x86)\Haskell Platform\2010.2.0.0\bin;C:\ProgramData\Oracle\Java\javapath;C:\Program Files\Microsoft MPI\Bin\;C:\Program Files (x86)\Intel\iCLS Client\;C:\Program Files\Intel\iCLS Client\;C:\WINDOWS\system32;C:\WINDOWS;C:\WINDOWS\System32\Wbem;C:\WINDOWS\System32\WindowsPowerShell\v1.0\;C:\Program Files\Intel\Intel(R) Management Engine Components\DAL;C:\Program Files\Intel\Intel(R) Management Engine Components\IPT;C:\Program Files (x86)\Intel\Intel(R) Management Engine Components\DAL;C:\Program Files (x86)\Intel\Intel(R) Management Engine Components\IPT;C:\Program Files (x86)\Intel\OpenCL SDK\2.0\bin\x86;C:\Program Files (x86)\Intel\OpenCL SDK\2.0\bin\x64;C:\Program Files (x86)\Windows Live\Shared;C:\Program Files (x86)\Microsoft SQL Server\140\DTS\Binn\;C:\Program Files\Microsoft SQL Server\140\DTS\Binn\;C:\Program Files\Microsoft SQL Server\Client SDK\ODBC\130\Tools\Binn\;C:\Program Files (x86)\Microsoft SQL Server\140\Tools\Binn\;C:\Program Files\Microsoft SQL Server\140\Tools\Binn\;C:\Program Files (x86)\Microsoft SQL Server\Client SDK\ODBC\130\Tools\Binn\;C:\Program Files (x86)\Microsoft SQL Server\140\Tools\Binn\ManagementStudio\;C:\Program Files\dotnet\;C:\Program Files\Microsoft SQL Server\130\Tools\Binn\;C:\Program Files (x86)\Microsoft SQL Server\110\DTS\Binn\;C:\Program Files (x86)\Microsoft SQL Server\120\DTS\Binn\;C:\Program Files (x86)\Microsoft SQL Server\130\DTS\Binn\;C:\Program Files\PuTTY\;C:\Users\Jorge Alberto\AppData\Roaming\cabal\bin
USERNAME=Jorge Alberto
OS=Windows_NT
PROCESSOR_IDENTIFIER=Intel64 Family 6 Model 58 Stepping 9, GenuineIntel



---------------  S Y S T E M  ---------------

OS: Windows 8.1 , 64 bit Build 9600 (6.3.9600.17415)

CPU:total 2 (initial active 2) (2 cores per cpu, 1 threads per core) family 6 model 58 stepping 9, cmov, cx8, fxsr, mmx, sse, sse2, sse3, ssse3, sse4.1, sse4.2, popcnt, clmul, erms, tsc, tscinvbit, tscinv

Memory: 4k page, physical 4065168k(1148144k free), swap 8259476k(3791768k free)

vm_info: Java HotSpot(TM) 64-Bit Server VM (25.162-b12) for windows-amd64 JRE (1.8.0_162-b12), built on Dec 19 2017 20:00:03 by "java_re" with MS VC++ 10.0 (VS2010)

time: Mon Apr 09 20:28:44 2018
elapsed time: 13 seconds (0d 0h 0m 13s)

